  HandleTunnelLoop.cpp
C:\Users\alexa\Documents\TDA\Assignment_7_Skeleton\Assignment_7_Skeleton\handle_tunnel_loop\src\HandleTunnelLoop.cpp(84,100): warning C4267: 'initializing': conversion from 'size_t' to 'int', possible loss of data
C:\Users\alexa\Documents\TDA\Assignment_7_Skeleton\Assignment_7_Skeleton\handle_tunnel_loop\src\HandleTunnelLoop.cpp(1172,20): warning C4477: 'fprintf' : format string '%s' requires an argument of type 'char *', but variadic argument 1 has type 'const std::string'
C:\Users\alexa\Documents\TDA\Assignment_7_Skeleton\Assignment_7_Skeleton\handle_tunnel_loop\src\HandleTunnelLoop.cpp(1354,20): warning C4477: 'fprintf' : format string '%s' requires an argument of type 'char *', but variadic argument 1 has type 'const std::string'
C:\Users\alexa\Documents\TDA\Assignment_7_Skeleton\Assignment_7_Skeleton\handle_tunnel_loop\src\HandleTunnelLoop.cpp(1414,20): warning C4477: 'fprintf' : format string '%s' requires an argument of type 'char *', but variadic argument 1 has type 'const std::string'
C:\Users\alexa\Documents\TDA\Assignment_7_Skeleton\Assignment_7_Skeleton\handle_tunnel_loop\src\HandleTunnelLoop.cpp(1465,20): warning C4477: 'fprintf' : format string '%s' requires an argument of type 'char *', but variadic argument 1 has type 'const std::string'
C:\Users\alexa\Documents\TDA\Assignment_7_Skeleton\Assignment_7_Skeleton\handle_tunnel_loop\src\HandleTunnelLoop.cpp(1507,35): warning C4267: 'initializing': conversion from 'size_t' to 'int', possible loss of data
C:\Users\alexa\Documents\TDA\Assignment_7_Skeleton\Assignment_7_Skeleton\handle_tunnel_loop\src\HandleTunnelLoop.cpp(1536,20): warning C4477: 'fprintf' : format string '%s' requires an argument of type 'char *', but variadic argument 1 has type 'const std::string'
C:\Users\alexa\Documents\TDA\Assignment_7_Skeleton\Assignment_7_Skeleton\handle_tunnel_loop\src\HandleTunnelLoop.cpp(1578,35): warning C4267: 'initializing': conversion from 'size_t' to 'int', possible loss of data
C:\Users\alexa\Documents\TDA\Assignment_7_Skeleton\Assignment_7_Skeleton\handle_tunnel_loop\src\HandleTunnelLoop.cpp(1607,20): warning C4477: 'fprintf' : format string '%s' requires an argument of type 'char *', but variadic argument 1 has type 'const std::string'
C:\Users\alexa\Documents\TDA\Assignment_7_Skeleton\Assignment_7_Skeleton\handle_tunnel_loop\src\HandleTunnelLoop.cpp(1635,36): warning C4267: 'initializing': conversion from 'size_t' to 'int', possible loss of data
C:\Users\alexa\Documents\TDA\Assignment_7_Skeleton\Assignment_7_Skeleton\handle_tunnel_loop\src\HandleTunnelLoop.cpp(1665,20): warning C4477: 'fprintf' : format string '%s' requires an argument of type 'char *', but variadic argument 1 has type 'const std::string'
C:\Users\alexa\Documents\TDA\Assignment_7_Skeleton\Assignment_7_Skeleton\handle_tunnel_loop\src\HandleTunnelLoop.cpp(1918,45): warning C4267: '=': conversion from 'size_t' to 'int', possible loss of data
C:\Users\alexa\Documents\TDA\Assignment_7_Skeleton\Assignment_7_Skeleton\handle_tunnel_loop\src\HandleTunnelLoop.cpp(1922,44): warning C4267: '=': conversion from 'size_t' to 'int', possible loss of data
C:\Users\alexa\Documents\TDA\Assignment_7_Skeleton\Assignment_7_Skeleton\handle_tunnel_loop\src\HandleTunnelLoop.cpp(1926,44): warning C4267: '=': conversion from 'size_t' to 'int', possible loss of data
C:\Users\alexa\Documents\TDA\Assignment_7_Skeleton\Assignment_7_Skeleton\handle_tunnel_loop\src\HandleTunnelLoop.cpp(1930,43): warning C4267: '=': conversion from 'size_t' to 'int', possible loss of data
C:\Users\alexa\Documents\TDA\Assignment_7_Skeleton\Assignment_7_Skeleton\handle_tunnel_loop\src\HandleTunnelLoop.cpp(1934,43): warning C4267: '=': conversion from 'size_t' to 'int', possible loss of data
C:\Users\alexa\Documents\TDA\Assignment_7_Skeleton\Assignment_7_Skeleton\handle_tunnel_loop\src\HandleTunnelLoop.cpp(1938,43): warning C4267: '=': conversion from 'size_t' to 'int', possible loss of data
C:\Users\alexa\Documents\TDA\Assignment_7_Skeleton\Assignment_7_Skeleton\handle_tunnel_loop\src\HandleTunnelLoop.cpp(1942,47): warning C4267: '=': conversion from 'size_t' to 'int', possible loss of data
C:\Users\alexa\Documents\TDA\Assignment_7_Skeleton\Assignment_7_Skeleton\handle_tunnel_loop\src\HandleTunnelLoop.cpp(1946,47): warning C4267: '=': conversion from 'size_t' to 'int', possible loss of data
C:\Users\alexa\Documents\TDA\Assignment_7_Skeleton\Assignment_7_Skeleton\handle_tunnel_loop\src\HandleTunnelLoop.cpp(2006,111): warning C4267: 'initializing': conversion from 'size_t' to 'int', possible loss of data
C:\Users\alexa\Documents\TDA\Assignment_7_Skeleton\Assignment_7_Skeleton\handle_tunnel_loop\src\HandleTunnelLoop.cpp(2139,28): warning C4267: 'initializing': conversion from 'size_t' to 'int', possible loss of data
C:\Users\alexa\Documents\TDA\Assignment_7_Skeleton\Assignment_7_Skeleton\handle_tunnel_loop\src\HandleTunnelLoop.cpp(2524,21): warning C4267: 'initializing': conversion from 'size_t' to 'int', possible loss of data
C:\Users\alexa\Documents\TDA\Assignment_7_Skeleton\Assignment_7_Skeleton\handle_tunnel_loop\src\HandleTunnelLoop.cpp(3076,23): warning C4244: 'initializing': conversion from '__int64' to 'int', possible loss of data
C:\Users\alexa\Documents\TDA\Assignment_7_Skeleton\Assignment_7_Skeleton\handle_tunnel_loop\src\HandleTunnelLoop.cpp(3383,24): warning C4244: 'initializing': conversion from '__int64' to 'int', possible loss of data
C:\Users\alexa\Documents\TDA\Assignment_7_Skeleton\Assignment_7_Skeleton\handle_tunnel_loop\src\HandleTunnelLoop.cpp(3516,77): warning C4267: '=': conversion from 'size_t' to 'int', possible loss of data
C:\Users\alexa\Documents\TDA\Assignment_7_Skeleton\Assignment_7_Skeleton\handle_tunnel_loop\src\HandleTunnelLoop.cpp(3521,8): warning C4267: 'argument': conversion from 'size_t' to 'int', possible loss of data
C:\Users\alexa\Documents\TDA\Assignment_7_Skeleton\Assignment_7_Skeleton\handle_tunnel_loop\src\HandleTunnelLoop.cpp(3794,40): warning C4244: 'argument': conversion from 'unsigned __int64' to 'const double', possible loss of data
C:\Users\alexa\Documents\TDA\Assignment_7_Skeleton\Assignment_7_Skeleton\handle_tunnel_loop\src\HandleTunnelLoop.cpp(3822,40): warning C4244: 'argument': conversion from 'unsigned __int64' to 'const double', possible loss of data
C:\Users\alexa\Documents\TDA\Assignment_7_Skeleton\Assignment_7_Skeleton\handle_tunnel_loop\src\HandleTunnelLoop.cpp(3965,40): warning C4244: 'argument': conversion from 'unsigned __int64' to 'const double', possible loss of data
C:\Users\alexa\Documents\TDA\Assignment_7_Skeleton\Assignment_7_Skeleton\handle_tunnel_loop\src\HandleTunnelLoop.cpp(4013,42): warning C4244: 'argument': conversion from 'unsigned __int64' to 'const double', possible loss of data
C:\Users\alexa\Documents\TDA\Assignment_7_Skeleton\Assignment_7_Skeleton\handle_tunnel_loop\src\HandleTunnelLoop.cpp(4032,72): warning C4267: '=': conversion from 'size_t' to 'int', possible loss of data
C:\Users\alexa\Documents\TDA\Assignment_7_Skeleton\Assignment_7_Skeleton\handle_tunnel_loop\src\HandleTunnelLoop.cpp(4055,42): warning C4244: 'argument': conversion from 'unsigned __int64' to 'const double', possible loss of data
C:\Users\alexa\Documents\TDA\Assignment_7_Skeleton\Assignment_7_Skeleton\handle_tunnel_loop\src\HandleTunnelLoop.cpp(4074,72): warning C4267: '=': conversion from 'size_t' to 'int', possible loss of data
C:\Users\alexa\Documents\TDA\Assignment_7_Skeleton\Assignment_7_Skeleton\handle_tunnel_loop\src\HandleTunnelLoop.cpp(4097,42): warning C4244: 'argument': conversion from 'unsigned __int64' to 'const double', possible loss of data
C:\Users\alexa\Documents\TDA\Assignment_7_Skeleton\Assignment_7_Skeleton\handle_tunnel_loop\src\HandleTunnelLoop.cpp(4346,43): warning C4244: 'argument': conversion from 'unsigned __int64' to 'const double', possible loss of data
C:\Users\alexa\Documents\TDA\Assignment_7_Skeleton\Assignment_7_Skeleton\handle_tunnel_loop\src\HandleTunnelLoop.cpp(4768,39): warning C4244: 'argument': conversion from 'unsigned __int64' to 'const double', possible loss of data
C:\Users\alexa\Documents\TDA\Assignment_7_Skeleton\Assignment_7_Skeleton\handle_tunnel_loop\src\HandleTunnelLoop.cpp(4877,39): warning C4244: 'argument': conversion from 'unsigned __int64' to 'const double', possible loss of data
C:\Users\alexa\Documents\TDA\Assignment_7_Skeleton\Assignment_7_Skeleton\handle_tunnel_loop\src\HandleTunnelLoop.cpp(4919,79): warning C4267: '=': conversion from 'size_t' to 'int', possible loss of data
C:\Users\alexa\Documents\TDA\Assignment_7_Skeleton\Assignment_7_Skeleton\handle_tunnel_loop\src\HandleTunnelLoop.cpp(5041,41): warning C4244: 'argument': conversion from 'unsigned __int64' to 'const double', possible loss of data
C:\Users\alexa\Documents\TDA\Assignment_7_Skeleton\Assignment_7_Skeleton\3rdparty\DartLib\core\Mesh/BaseMesh_2.h(372,1): warning C4267: 'initializing': conversion from 'size_t' to 'int', possible loss of data
C:\Users\alexa\Documents\TDA\Assignment_7_Skeleton\Assignment_7_Skeleton\3rdparty\DartLib\core\Mesh/BaseMesh_2.h(358): message : while compiling class template member function 'void DartLib::TBaseMesh_2<V,E,F,Dart>::load(const std::vector<DartLib::CPoint,std::allocator<_Ty>> &,const std::vector<int,std::allocator<int>> &)'
C:\Users\alexa\Documents\TDA\Assignment_7_Skeleton\Assignment_7_Skeleton\3rdparty\DartLib\core\Mesh/BaseMesh_2.h(358): message :         with
C:\Users\alexa\Documents\TDA\Assignment_7_Skeleton\Assignment_7_Skeleton\3rdparty\DartLib\core\Mesh/BaseMesh_2.h(358): message :         [
C:\Users\alexa\Documents\TDA\Assignment_7_Skeleton\Assignment_7_Skeleton\3rdparty\DartLib\core\Mesh/BaseMesh_2.h(358): message :             V=DartLib::CMyVertex_2,
C:\Users\alexa\Documents\TDA\Assignment_7_Skeleton\Assignment_7_Skeleton\3rdparty\DartLib\core\Mesh/BaseMesh_2.h(358): message :             E=DartLib::CMyEdge_2,
C:\Users\alexa\Documents\TDA\Assignment_7_Skeleton\Assignment_7_Skeleton\3rdparty\DartLib\core\Mesh/BaseMesh_2.h(358): message :             F=DartLib::CMyFace_2,
C:\Users\alexa\Documents\TDA\Assignment_7_Skeleton\Assignment_7_Skeleton\3rdparty\DartLib\core\Mesh/BaseMesh_2.h(358): message :             Dart=DartLib::CMyDart_2,
C:\Users\alexa\Documents\TDA\Assignment_7_Skeleton\Assignment_7_Skeleton\3rdparty\DartLib\core\Mesh/BaseMesh_2.h(358): message :             _Ty=DartLib::CPoint
C:\Users\alexa\Documents\TDA\Assignment_7_Skeleton\Assignment_7_Skeleton\3rdparty\DartLib\core\Mesh/BaseMesh_2.h(358): message :         ]
C:\Users\alexa\Documents\TDA\Assignment_7_Skeleton\Assignment_7_Skeleton\handle_tunnel_loop\src\HandleTunnelLoop.cpp(1736): message : see reference to function template instantiation 'void DartLib::TBaseMesh_2<V,E,F,Dart>::load(const std::vector<DartLib::CPoint,std::allocator<_Ty>> &,const std::vector<int,std::allocator<int>> &)' being compiled
C:\Users\alexa\Documents\TDA\Assignment_7_Skeleton\Assignment_7_Skeleton\handle_tunnel_loop\src\HandleTunnelLoop.cpp(1736): message :         with
C:\Users\alexa\Documents\TDA\Assignment_7_Skeleton\Assignment_7_Skeleton\handle_tunnel_loop\src\HandleTunnelLoop.cpp(1736): message :         [
C:\Users\alexa\Documents\TDA\Assignment_7_Skeleton\Assignment_7_Skeleton\handle_tunnel_loop\src\HandleTunnelLoop.cpp(1736): message :             V=DartLib::CMyVertex_2,
C:\Users\alexa\Documents\TDA\Assignment_7_Skeleton\Assignment_7_Skeleton\handle_tunnel_loop\src\HandleTunnelLoop.cpp(1736): message :             E=DartLib::CMyEdge_2,
C:\Users\alexa\Documents\TDA\Assignment_7_Skeleton\Assignment_7_Skeleton\handle_tunnel_loop\src\HandleTunnelLoop.cpp(1736): message :             F=DartLib::CMyFace_2,
C:\Users\alexa\Documents\TDA\Assignment_7_Skeleton\Assignment_7_Skeleton\handle_tunnel_loop\src\HandleTunnelLoop.cpp(1736): message :             Dart=DartLib::CMyDart_2,
C:\Users\alexa\Documents\TDA\Assignment_7_Skeleton\Assignment_7_Skeleton\handle_tunnel_loop\src\HandleTunnelLoop.cpp(1736): message :             _Ty=DartLib::CPoint
C:\Users\alexa\Documents\TDA\Assignment_7_Skeleton\Assignment_7_Skeleton\handle_tunnel_loop\src\HandleTunnelLoop.cpp(1736): message :         ]
C:\Users\alexa\Documents\TDA\Assignment_7_Skeleton\Assignment_7_Skeleton\handle_tunnel_loop\include\MyMesh.h(70): message : see reference to class template instantiation 'DartLib::TBaseMesh_2<V,E,F,Dart>' being compiled
C:\Users\alexa\Documents\TDA\Assignment_7_Skeleton\Assignment_7_Skeleton\handle_tunnel_loop\include\MyMesh.h(70): message :         with
C:\Users\alexa\Documents\TDA\Assignment_7_Skeleton\Assignment_7_Skeleton\handle_tunnel_loop\include\MyMesh.h(70): message :         [
C:\Users\alexa\Documents\TDA\Assignment_7_Skeleton\Assignment_7_Skeleton\handle_tunnel_loop\include\MyMesh.h(70): message :             V=DartLib::CMyVertex_2,
C:\Users\alexa\Documents\TDA\Assignment_7_Skeleton\Assignment_7_Skeleton\handle_tunnel_loop\include\MyMesh.h(70): message :             E=DartLib::CMyEdge_2,
C:\Users\alexa\Documents\TDA\Assignment_7_Skeleton\Assignment_7_Skeleton\handle_tunnel_loop\include\MyMesh.h(70): message :             F=DartLib::CMyFace_2,
C:\Users\alexa\Documents\TDA\Assignment_7_Skeleton\Assignment_7_Skeleton\handle_tunnel_loop\include\MyMesh.h(70): message :             Dart=DartLib::CMyDart_2
C:\Users\alexa\Documents\TDA\Assignment_7_Skeleton\Assignment_7_Skeleton\handle_tunnel_loop\include\MyMesh.h(70): message :         ]
C:\Users\alexa\Documents\TDA\Assignment_7_Skeleton\Assignment_7_Skeleton\handle_tunnel_loop\src\HandleTunnelLoop.cpp(1736): message : see reference to class template instantiation 'DartLib::TMyMesh<DartLib::CMyVertex_2,DartLib::CMyEdge_2,DartLib::CMyFace_2,DartLib::CMyDart_2>' being compiled
C:\Program Files (x86)\Microsoft Visual Studio\2019\Community\VC\Tools\MSVC\14.23.28105\include\utility(165,1): warning C4267: 'initializing': conversion from 'size_t' to '_Ty2', possible loss of data
C:\Program Files (x86)\Microsoft Visual Studio\2019\Community\VC\Tools\MSVC\14.23.28105\include\utility(165,1): warning C4267:         with
C:\Program Files (x86)\Microsoft Visual Studio\2019\Community\VC\Tools\MSVC\14.23.28105\include\utility(165,1): warning C4267:         [
C:\Program Files (x86)\Microsoft Visual Studio\2019\Community\VC\Tools\MSVC\14.23.28105\include\utility(165,1): warning C4267:             _Ty2=int
C:\Program Files (x86)\Microsoft Visual Studio\2019\Community\VC\Tools\MSVC\14.23.28105\include\utility(165,1): warning C4267:         ]
C:\Program Files (x86)\Microsoft Visual Studio\2019\Community\VC\Tools\MSVC\14.23.28105\include\xmemory(758): message : see reference to function template instantiation 'std::pair<const _Kty,_Ty>::pair<const _Ty*,unsigned __int64,0>(std::pair<const _Ty *,unsigned __int64> &&) noexcept(false)' being compiled
C:\Program Files (x86)\Microsoft Visual Studio\2019\Community\VC\Tools\MSVC\14.23.28105\include\xmemory(758): message :         with
C:\Program Files (x86)\Microsoft Visual Studio\2019\Community\VC\Tools\MSVC\14.23.28105\include\xmemory(758): message :         [
C:\Program Files (x86)\Microsoft Visual Studio\2019\Community\VC\Tools\MSVC\14.23.28105\include\xmemory(758): message :             _Kty=DartLib::EdgeMapKey,
C:\Program Files (x86)\Microsoft Visual Studio\2019\Community\VC\Tools\MSVC\14.23.28105\include\xmemory(758): message :             _Ty=int
C:\Program Files (x86)\Microsoft Visual Studio\2019\Community\VC\Tools\MSVC\14.23.28105\include\xmemory(758): message :         ]
C:\Program Files (x86)\Microsoft Visual Studio\2019\Community\VC\Tools\MSVC\14.23.28105\include\xmemory(758): message : see reference to function template instantiation 'std::pair<const _Kty,_Ty>::pair<const _Ty*,unsigned __int64,0>(std::pair<const _Ty *,unsigned __int64> &&) noexcept(false)' being compiled
C:\Program Files (x86)\Microsoft Visual Studio\2019\Community\VC\Tools\MSVC\14.23.28105\include\xmemory(758): message :         with
C:\Program Files (x86)\Microsoft Visual Studio\2019\Community\VC\Tools\MSVC\14.23.28105\include\xmemory(758): message :         [
C:\Program Files (x86)\Microsoft Visual Studio\2019\Community\VC\Tools\MSVC\14.23.28105\include\xmemory(758): message :             _Kty=DartLib::EdgeMapKey,
C:\Program Files (x86)\Microsoft Visual Studio\2019\Community\VC\Tools\MSVC\14.23.28105\include\xmemory(758): message :             _Ty=int
C:\Program Files (x86)\Microsoft Visual Studio\2019\Community\VC\Tools\MSVC\14.23.28105\include\xmemory(758): message :         ]
C:\Program Files (x86)\Microsoft Visual Studio\2019\Community\VC\Tools\MSVC\14.23.28105\include\list(541): message : see reference to function template instantiation 'void std::_Default_allocator_traits<_Alloc>::construct<_Ty,std::pair<const int *,unsigned __int64>>(_Alloc &,_Objty *const ,std::pair<const int *,unsigned __int64> &&)' being compiled
C:\Program Files (x86)\Microsoft Visual Studio\2019\Community\VC\Tools\MSVC\14.23.28105\include\list(541): message :         with
C:\Program Files (x86)\Microsoft Visual Studio\2019\Community\VC\Tools\MSVC\14.23.28105\include\list(541): message :         [
C:\Program Files (x86)\Microsoft Visual Studio\2019\Community\VC\Tools\MSVC\14.23.28105\include\list(541): message :             _Alloc=std::allocator<std::_List_node<std::pair<const DartLib::EdgeMapKey,int>,std::_Default_allocator_traits<std::allocator<std::pair<const DartLib::EdgeMapKey,int>>>::void_pointer>>,
C:\Program Files (x86)\Microsoft Visual Studio\2019\Community\VC\Tools\MSVC\14.23.28105\include\list(541): message :             _Ty=std::pair<const DartLib::EdgeMapKey,int>,
C:\Program Files (x86)\Microsoft Visual Studio\2019\Community\VC\Tools\MSVC\14.23.28105\include\list(541): message :             _Objty=std::pair<const DartLib::EdgeMapKey,int>
C:\Program Files (x86)\Microsoft Visual Studio\2019\Community\VC\Tools\MSVC\14.23.28105\include\list(541): message :         ]
C:\Program Files (x86)\Microsoft Visual Studio\2019\Community\VC\Tools\MSVC\14.23.28105\include\list(541): message : see reference to function template instantiation 'void std::_Default_allocator_traits<_Alloc>::construct<_Ty,std::pair<const int *,unsigned __int64>>(_Alloc &,_Objty *const ,std::pair<const int *,unsigned __int64> &&)' being compiled
C:\Program Files (x86)\Microsoft Visual Studio\2019\Community\VC\Tools\MSVC\14.23.28105\include\list(541): message :         with
C:\Program Files (x86)\Microsoft Visual Studio\2019\Community\VC\Tools\MSVC\14.23.28105\include\list(541): message :         [
C:\Program Files (x86)\Microsoft Visual Studio\2019\Community\VC\Tools\MSVC\14.23.28105\include\list(541): message :             _Alloc=std::allocator<std::_List_node<std::pair<const DartLib::EdgeMapKey,int>,std::_Default_allocator_traits<std::allocator<std::pair<const DartLib::EdgeMapKey,int>>>::void_pointer>>,
C:\Program Files (x86)\Microsoft Visual Studio\2019\Community\VC\Tools\MSVC\14.23.28105\include\list(541): message :             _Ty=std::pair<const DartLib::EdgeMapKey,int>,
C:\Program Files (x86)\Microsoft Visual Studio\2019\Community\VC\Tools\MSVC\14.23.28105\include\list(541): message :             _Objty=std::pair<const DartLib::EdgeMapKey,int>
C:\Program Files (x86)\Microsoft Visual Studio\2019\Community\VC\Tools\MSVC\14.23.28105\include\list(541): message :         ]
C:\Program Files (x86)\Microsoft Visual Studio\2019\Community\VC\Tools\MSVC\14.23.28105\include\xhash(629): message : see reference to function template instantiation 'std::_List_node_emplace_op2<std::allocator<std::_List_node<_Ty,std::_Default_allocator_traits<_Alloc>::void_pointer>>>::_List_node_emplace_op2<std::pair<const int *,unsigned __int64>>(_Alnode &,std::pair<const int *,unsigned __int64> &&)' being compiled
C:\Program Files (x86)\Microsoft Visual Studio\2019\Community\VC\Tools\MSVC\14.23.28105\include\xhash(629): message :         with
C:\Program Files (x86)\Microsoft Visual Studio\2019\Community\VC\Tools\MSVC\14.23.28105\include\xhash(629): message :         [
C:\Program Files (x86)\Microsoft Visual Studio\2019\Community\VC\Tools\MSVC\14.23.28105\include\xhash(629): message :             _Ty=std::pair<const DartLib::EdgeMapKey,int>,
C:\Program Files (x86)\Microsoft Visual Studio\2019\Community\VC\Tools\MSVC\14.23.28105\include\xhash(629): message :             _Alloc=std::allocator<std::pair<const DartLib::EdgeMapKey,int>>,
C:\Program Files (x86)\Microsoft Visual Studio\2019\Community\VC\Tools\MSVC\14.23.28105\include\xhash(629): message :             _Alnode=std::allocator<std::_List_node<std::pair<const DartLib::EdgeMapKey,int>,std::_Default_allocator_traits<std::allocator<std::pair<const DartLib::EdgeMapKey,int>>>::void_pointer>>
C:\Program Files (x86)\Microsoft Visual Studio\2019\Community\VC\Tools\MSVC\14.23.28105\include\xhash(629): message :         ]
C:\Program Files (x86)\Microsoft Visual Studio\2019\Community\VC\Tools\MSVC\14.23.28105\include\xhash(629): message : see reference to function template instantiation 'std::_List_node_emplace_op2<std::allocator<std::_List_node<_Ty,std::_Default_allocator_traits<_Alloc>::void_pointer>>>::_List_node_emplace_op2<std::pair<const int *,unsigned __int64>>(_Alnode &,std::pair<const int *,unsigned __int64> &&)' being compiled
C:\Program Files (x86)\Microsoft Visual Studio\2019\Community\VC\Tools\MSVC\14.23.28105\include\xhash(629): message :         with
C:\Program Files (x86)\Microsoft Visual Studio\2019\Community\VC\Tools\MSVC\14.23.28105\include\xhash(629): message :         [
C:\Program Files (x86)\Microsoft Visual Studio\2019\Community\VC\Tools\MSVC\14.23.28105\include\xhash(629): message :             _Ty=std::pair<const DartLib::EdgeMapKey,int>,
C:\Program Files (x86)\Microsoft Visual Studio\2019\Community\VC\Tools\MSVC\14.23.28105\include\xhash(629): message :             _Alloc=std::allocator<std::pair<const DartLib::EdgeMapKey,int>>,
C:\Program Files (x86)\Microsoft Visual Studio\2019\Community\VC\Tools\MSVC\14.23.28105\include\xhash(629): message :             _Alnode=std::allocator<std::_List_node<std::pair<const DartLib::EdgeMapKey,int>,std::_Default_allocator_traits<std::allocator<std::pair<const DartLib::EdgeMapKey,int>>>::void_pointer>>
C:\Program Files (x86)\Microsoft Visual Studio\2019\Community\VC\Tools\MSVC\14.23.28105\include\xhash(629): message :         ]
C:\Program Files (x86)\Microsoft Visual Studio\2019\Community\VC\Tools\MSVC\14.23.28105\include\unordered_map(254): message : see reference to function template instantiation 'std::pair<std::_List_iterator<std::_List_val<std::_List_simple_types<_Ty>>>,bool> std::_Hash<std::_Umap_traits<_Kty,int,std::_Uhash_compare<_Kty,_Hasher,_Keyeq>,_Alloc,false>>::emplace<std::pair<const int *,unsigned __int64>>(std::pair<const int *,unsigned __int64> &&)' being compiled
C:\Program Files (x86)\Microsoft Visual Studio\2019\Community\VC\Tools\MSVC\14.23.28105\include\unordered_map(254): message :         with
C:\Program Files (x86)\Microsoft Visual Studio\2019\Community\VC\Tools\MSVC\14.23.28105\include\unordered_map(254): message :         [
C:\Program Files (x86)\Microsoft Visual Studio\2019\Community\VC\Tools\MSVC\14.23.28105\include\unordered_map(254): message :             _Ty=std::pair<const DartLib::EdgeMapKey,int>,
C:\Program Files (x86)\Microsoft Visual Studio\2019\Community\VC\Tools\MSVC\14.23.28105\include\unordered_map(254): message :             _Kty=DartLib::EdgeMapKey,
C:\Program Files (x86)\Microsoft Visual Studio\2019\Community\VC\Tools\MSVC\14.23.28105\include\unordered_map(254): message :             _Hasher=DartLib::EdgeMapKey_hasher,
C:\Program Files (x86)\Microsoft Visual Studio\2019\Community\VC\Tools\MSVC\14.23.28105\include\unordered_map(254): message :             _Keyeq=std::equal_to<DartLib::EdgeMapKey>,
C:\Program Files (x86)\Microsoft Visual Studio\2019\Community\VC\Tools\MSVC\14.23.28105\include\unordered_map(254): message :             _Alloc=std::allocator<std::pair<const DartLib::EdgeMapKey,int>>
C:\Program Files (x86)\Microsoft Visual Studio\2019\Community\VC\Tools\MSVC\14.23.28105\include\unordered_map(254): message :         ]
C:\Program Files (x86)\Microsoft Visual Studio\2019\Community\VC\Tools\MSVC\14.23.28105\include\unordered_map(254): message : see reference to function template instantiation 'std::pair<std::_List_iterator<std::_List_val<std::_List_simple_types<_Ty>>>,bool> std::_Hash<std::_Umap_traits<_Kty,int,std::_Uhash_compare<_Kty,_Hasher,_Keyeq>,_Alloc,false>>::emplace<std::pair<const int *,unsigned __int64>>(std::pair<const int *,unsigned __int64> &&)' being compiled
C:\Program Files (x86)\Microsoft Visual Studio\2019\Community\VC\Tools\MSVC\14.23.28105\include\unordered_map(254): message :         with
C:\Program Files (x86)\Microsoft Visual Studio\2019\Community\VC\Tools\MSVC\14.23.28105\include\unordered_map(254): message :         [
C:\Program Files (x86)\Microsoft Visual Studio\2019\Community\VC\Tools\MSVC\14.23.28105\include\unordered_map(254): message :             _Ty=std::pair<const DartLib::EdgeMapKey,int>,
C:\Program Files (x86)\Microsoft Visual Studio\2019\Community\VC\Tools\MSVC\14.23.28105\include\unordered_map(254): message :             _Kty=DartLib::EdgeMapKey,
C:\Program Files (x86)\Microsoft Visual Studio\2019\Community\VC\Tools\MSVC\14.23.28105\include\unordered_map(254): message :             _Hasher=DartLib::EdgeMapKey_hasher,
C:\Program Files (x86)\Microsoft Visual Studio\2019\Community\VC\Tools\MSVC\14.23.28105\include\unordered_map(254): message :             _Keyeq=std::equal_to<DartLib::EdgeMapKey>,
C:\Program Files (x86)\Microsoft Visual Studio\2019\Community\VC\Tools\MSVC\14.23.28105\include\unordered_map(254): message :             _Alloc=std::allocator<std::pair<const DartLib::EdgeMapKey,int>>
C:\Program Files (x86)\Microsoft Visual Studio\2019\Community\VC\Tools\MSVC\14.23.28105\include\unordered_map(254): message :         ]
C:\Users\alexa\Documents\TDA\Assignment_7_Skeleton\Assignment_7_Skeleton\3rdparty\DartLib\core\Mesh/BaseMesh_2.h(439): message : see reference to function template instantiation 'std::pair<std::_List_iterator<std::_List_val<std::_List_simple_types<_Ty>>>,bool> std::unordered_map<DartLib::EdgeMapKey,int,DartLib::EdgeMapKey_hasher,std::equal_to<_Kty>,std::allocator<_Ty>>::insert<std::pair<const int *,unsigned __int64>,void>(_Valty &&)' being compiled
C:\Users\alexa\Documents\TDA\Assignment_7_Skeleton\Assignment_7_Skeleton\3rdparty\DartLib\core\Mesh/BaseMesh_2.h(439): message :         with
C:\Users\alexa\Documents\TDA\Assignment_7_Skeleton\Assignment_7_Skeleton\3rdparty\DartLib\core\Mesh/BaseMesh_2.h(439): message :         [
C:\Users\alexa\Documents\TDA\Assignment_7_Skeleton\Assignment_7_Skeleton\3rdparty\DartLib\core\Mesh/BaseMesh_2.h(439): message :             _Ty=std::pair<const DartLib::EdgeMapKey,int>,
C:\Users\alexa\Documents\TDA\Assignment_7_Skeleton\Assignment_7_Skeleton\3rdparty\DartLib\core\Mesh/BaseMesh_2.h(439): message :             _Kty=DartLib::EdgeMapKey,
C:\Users\alexa\Documents\TDA\Assignment_7_Skeleton\Assignment_7_Skeleton\3rdparty\DartLib\core\Mesh/BaseMesh_2.h(439): message :             _Valty=std::pair<const int *,unsigned __int64>
C:\Users\alexa\Documents\TDA\Assignment_7_Skeleton\Assignment_7_Skeleton\3rdparty\DartLib\core\Mesh/BaseMesh_2.h(439): message :         ]
C:\Users\alexa\Documents\TDA\Assignment_7_Skeleton\Assignment_7_Skeleton\3rdparty\DartLib\core\Mesh/BaseMesh_2.h(439): message : see reference to function template instantiation 'std::pair<std::_List_iterator<std::_List_val<std::_List_simple_types<_Ty>>>,bool> std::unordered_map<DartLib::EdgeMapKey,int,DartLib::EdgeMapKey_hasher,std::equal_to<_Kty>,std::allocator<_Ty>>::insert<std::pair<const int *,unsigned __int64>,void>(_Valty &&)' being compiled
C:\Users\alexa\Documents\TDA\Assignment_7_Skeleton\Assignment_7_Skeleton\3rdparty\DartLib\core\Mesh/BaseMesh_2.h(439): message :         with
C:\Users\alexa\Documents\TDA\Assignment_7_Skeleton\Assignment_7_Skeleton\3rdparty\DartLib\core\Mesh/BaseMesh_2.h(439): message :         [
C:\Users\alexa\Documents\TDA\Assignment_7_Skeleton\Assignment_7_Skeleton\3rdparty\DartLib\core\Mesh/BaseMesh_2.h(439): message :             _Ty=std::pair<const DartLib::EdgeMapKey,int>,
C:\Users\alexa\Documents\TDA\Assignment_7_Skeleton\Assignment_7_Skeleton\3rdparty\DartLib\core\Mesh/BaseMesh_2.h(439): message :             _Kty=DartLib::EdgeMapKey,
C:\Users\alexa\Documents\TDA\Assignment_7_Skeleton\Assignment_7_Skeleton\3rdparty\DartLib\core\Mesh/BaseMesh_2.h(439): message :             _Valty=std::pair<const int *,unsigned __int64>
C:\Users\alexa\Documents\TDA\Assignment_7_Skeleton\Assignment_7_Skeleton\3rdparty\DartLib\core\Mesh/BaseMesh_2.h(439): message :         ]
C:\Users\alexa\Documents\TDA\Assignment_7_Skeleton\Assignment_7_Skeleton\3rdparty\DartLib\core\Mesh/BaseMesh_2.h(428): message : while compiling class template member function 'CDart *DartLib::TBaseMesh_2<V,E,F,CDart>::add_edge(CFace *,const std::vector<int,std::allocator<_Ty>> &)'
C:\Users\alexa\Documents\TDA\Assignment_7_Skeleton\Assignment_7_Skeleton\3rdparty\DartLib\core\Mesh/BaseMesh_2.h(428): message :         with
C:\Users\alexa\Documents\TDA\Assignment_7_Skeleton\Assignment_7_Skeleton\3rdparty\DartLib\core\Mesh/BaseMesh_2.h(428): message :         [
C:\Users\alexa\Documents\TDA\Assignment_7_Skeleton\Assignment_7_Skeleton\3rdparty\DartLib\core\Mesh/BaseMesh_2.h(428): message :             CDart=DartLib::CMyDart_2,
C:\Users\alexa\Documents\TDA\Assignment_7_Skeleton\Assignment_7_Skeleton\3rdparty\DartLib\core\Mesh/BaseMesh_2.h(428): message :             V=DartLib::CMyVertex_2,
C:\Users\alexa\Documents\TDA\Assignment_7_Skeleton\Assignment_7_Skeleton\3rdparty\DartLib\core\Mesh/BaseMesh_2.h(428): message :             E=DartLib::CMyEdge_2,
C:\Users\alexa\Documents\TDA\Assignment_7_Skeleton\Assignment_7_Skeleton\3rdparty\DartLib\core\Mesh/BaseMesh_2.h(428): message :             F=DartLib::CMyFace_2,
C:\Users\alexa\Documents\TDA\Assignment_7_Skeleton\Assignment_7_Skeleton\3rdparty\DartLib\core\Mesh/BaseMesh_2.h(428): message :             CFace=DartLib::CMyFace_2,
C:\Users\alexa\Documents\TDA\Assignment_7_Skeleton\Assignment_7_Skeleton\3rdparty\DartLib\core\Mesh/BaseMesh_2.h(428): message :             _Ty=int
C:\Users\alexa\Documents\TDA\Assignment_7_Skeleton\Assignment_7_Skeleton\3rdparty\DartLib\core\Mesh/BaseMesh_2.h(428): message :         ]
C:\Users\alexa\Documents\TDA\Assignment_7_Skeleton\Assignment_7_Skeleton\3rdparty\DartLib\core\Mesh/BaseMesh_2.h(407): message : see reference to function template instantiation 'CDart *DartLib::TBaseMesh_2<V,E,F,CDart>::add_edge(CFace *,const std::vector<int,std::allocator<_Ty>> &)' being compiled
C:\Users\alexa\Documents\TDA\Assignment_7_Skeleton\Assignment_7_Skeleton\3rdparty\DartLib\core\Mesh/BaseMesh_2.h(407): message :         with
C:\Users\alexa\Documents\TDA\Assignment_7_Skeleton\Assignment_7_Skeleton\3rdparty\DartLib\core\Mesh/BaseMesh_2.h(407): message :         [
C:\Users\alexa\Documents\TDA\Assignment_7_Skeleton\Assignment_7_Skeleton\3rdparty\DartLib\core\Mesh/BaseMesh_2.h(407): message :             CDart=DartLib::CMyDart_2,
C:\Users\alexa\Documents\TDA\Assignment_7_Skeleton\Assignment_7_Skeleton\3rdparty\DartLib\core\Mesh/BaseMesh_2.h(407): message :             V=DartLib::CMyVertex_2,
C:\Users\alexa\Documents\TDA\Assignment_7_Skeleton\Assignment_7_Skeleton\3rdparty\DartLib\core\Mesh/BaseMesh_2.h(407): message :             E=DartLib::CMyEdge_2,
C:\Users\alexa\Documents\TDA\Assignment_7_Skeleton\Assignment_7_Skeleton\3rdparty\DartLib\core\Mesh/BaseMesh_2.h(407): message :             F=DartLib::CMyFace_2,
C:\Users\alexa\Documents\TDA\Assignment_7_Skeleton\Assignment_7_Skeleton\3rdparty\DartLib\core\Mesh/BaseMesh_2.h(407): message :             CFace=DartLib::CMyFace_2,
C:\Users\alexa\Documents\TDA\Assignment_7_Skeleton\Assignment_7_Skeleton\3rdparty\DartLib\core\Mesh/BaseMesh_2.h(407): message :             _Ty=int
C:\Users\alexa\Documents\TDA\Assignment_7_Skeleton\Assignment_7_Skeleton\3rdparty\DartLib\core\Mesh/BaseMesh_2.h(407): message :         ]
C:\Users\alexa\Documents\TDA\Assignment_7_Skeleton\Assignment_7_Skeleton\3rdparty\DartLib\core\Mesh/BaseMesh_2.h(189): message : while compiling class template member function 'void DartLib::TBaseMesh_2<V,E,F,Dart>::unload(void)'
C:\Users\alexa\Documents\TDA\Assignment_7_Skeleton\Assignment_7_Skeleton\3rdparty\DartLib\core\Mesh/BaseMesh_2.h(189): message :         with
C:\Users\alexa\Documents\TDA\Assignment_7_Skeleton\Assignment_7_Skeleton\3rdparty\DartLib\core\Mesh/BaseMesh_2.h(189): message :         [
C:\Users\alexa\Documents\TDA\Assignment_7_Skeleton\Assignment_7_Skeleton\3rdparty\DartLib\core\Mesh/BaseMesh_2.h(189): message :             V=DartLib::CMyVertex_2,
C:\Users\alexa\Documents\TDA\Assignment_7_Skeleton\Assignment_7_Skeleton\3rdparty\DartLib\core\Mesh/BaseMesh_2.h(189): message :             E=DartLib::CMyEdge_2,
C:\Users\alexa\Documents\TDA\Assignment_7_Skeleton\Assignment_7_Skeleton\3rdparty\DartLib\core\Mesh/BaseMesh_2.h(189): message :             F=DartLib::CMyFace_2,
C:\Users\alexa\Documents\TDA\Assignment_7_Skeleton\Assignment_7_Skeleton\3rdparty\DartLib\core\Mesh/BaseMesh_2.h(189): message :             Dart=DartLib::CMyDart_2
C:\Users\alexa\Documents\TDA\Assignment_7_Skeleton\Assignment_7_Skeleton\3rdparty\DartLib\core\Mesh/BaseMesh_2.h(189): message :         ]
C:\Users\alexa\Documents\TDA\Assignment_7_Skeleton\Assignment_7_Skeleton\3rdparty\DartLib\core\Mesh/BaseMesh_2.h(360): message : see reference to function template instantiation 'void DartLib::TBaseMesh_2<V,E,F,Dart>::unload(void)' being compiled
C:\Users\alexa\Documents\TDA\Assignment_7_Skeleton\Assignment_7_Skeleton\3rdparty\DartLib\core\Mesh/BaseMesh_2.h(360): message :         with
C:\Users\alexa\Documents\TDA\Assignment_7_Skeleton\Assignment_7_Skeleton\3rdparty\DartLib\core\Mesh/BaseMesh_2.h(360): message :         [
C:\Users\alexa\Documents\TDA\Assignment_7_Skeleton\Assignment_7_Skeleton\3rdparty\DartLib\core\Mesh/BaseMesh_2.h(360): message :             V=DartLib::CMyVertex_2,
C:\Users\alexa\Documents\TDA\Assignment_7_Skeleton\Assignment_7_Skeleton\3rdparty\DartLib\core\Mesh/BaseMesh_2.h(360): message :             E=DartLib::CMyEdge_2,
C:\Users\alexa\Documents\TDA\Assignment_7_Skeleton\Assignment_7_Skeleton\3rdparty\DartLib\core\Mesh/BaseMesh_2.h(360): message :             F=DartLib::CMyFace_2,
C:\Users\alexa\Documents\TDA\Assignment_7_Skeleton\Assignment_7_Skeleton\3rdparty\DartLib\core\Mesh/BaseMesh_2.h(360): message :             Dart=DartLib::CMyDart_2
C:\Users\alexa\Documents\TDA\Assignment_7_Skeleton\Assignment_7_Skeleton\3rdparty\DartLib\core\Mesh/BaseMesh_2.h(360): message :         ]
C:\Users\alexa\Documents\TDA\Assignment_7_Skeleton\Assignment_7_Skeleton\3rdparty\DartLib\core\Mesh/BaseMesh_2.h(358): message : while compiling class template member function 'void DartLib::TBaseMesh_2<V,E,F,Dart>::load(const std::vector<DartLib::CPoint,std::allocator<_Ty>> &,const std::vector<int,std::allocator<int>> &)'
C:\Users\alexa\Documents\TDA\Assignment_7_Skeleton\Assignment_7_Skeleton\3rdparty\DartLib\core\Mesh/BaseMesh_2.h(358): message :         with
C:\Users\alexa\Documents\TDA\Assignment_7_Skeleton\Assignment_7_Skeleton\3rdparty\DartLib\core\Mesh/BaseMesh_2.h(358): message :         [
C:\Users\alexa\Documents\TDA\Assignment_7_Skeleton\Assignment_7_Skeleton\3rdparty\DartLib\core\Mesh/BaseMesh_2.h(358): message :             V=DartLib::CMyVertex_2,
C:\Users\alexa\Documents\TDA\Assignment_7_Skeleton\Assignment_7_Skeleton\3rdparty\DartLib\core\Mesh/BaseMesh_2.h(358): message :             E=DartLib::CMyEdge_2,
C:\Users\alexa\Documents\TDA\Assignment_7_Skeleton\Assignment_7_Skeleton\3rdparty\DartLib\core\Mesh/BaseMesh_2.h(358): message :             F=DartLib::CMyFace_2,
C:\Users\alexa\Documents\TDA\Assignment_7_Skeleton\Assignment_7_Skeleton\3rdparty\DartLib\core\Mesh/BaseMesh_2.h(358): message :             Dart=DartLib::CMyDart_2,
C:\Users\alexa\Documents\TDA\Assignment_7_Skeleton\Assignment_7_Skeleton\3rdparty\DartLib\core\Mesh/BaseMesh_2.h(358): message :             _Ty=DartLib::CPoint
C:\Users\alexa\Documents\TDA\Assignment_7_Skeleton\Assignment_7_Skeleton\3rdparty\DartLib\core\Mesh/BaseMesh_2.h(358): message :         ]
C:\Users\alexa\Documents\TDA\Assignment_7_Skeleton\Assignment_7_Skeleton\handle_tunnel_loop\src\HandleTunnelLoop.cpp(1736): message : see reference to function template instantiation 'void DartLib::TBaseMesh_2<V,E,F,Dart>::load(const std::vector<DartLib::CPoint,std::allocator<_Ty>> &,const std::vector<int,std::allocator<int>> &)' being compiled
C:\Users\alexa\Documents\TDA\Assignment_7_Skeleton\Assignment_7_Skeleton\handle_tunnel_loop\src\HandleTunnelLoop.cpp(1736): message :         with
C:\Users\alexa\Documents\TDA\Assignment_7_Skeleton\Assignment_7_Skeleton\handle_tunnel_loop\src\HandleTunnelLoop.cpp(1736): message :         [
C:\Users\alexa\Documents\TDA\Assignment_7_Skeleton\Assignment_7_Skeleton\handle_tunnel_loop\src\HandleTunnelLoop.cpp(1736): message :             V=DartLib::CMyVertex_2,
C:\Users\alexa\Documents\TDA\Assignment_7_Skeleton\Assignment_7_Skeleton\handle_tunnel_loop\src\HandleTunnelLoop.cpp(1736): message :             E=DartLib::CMyEdge_2,
C:\Users\alexa\Documents\TDA\Assignment_7_Skeleton\Assignment_7_Skeleton\handle_tunnel_loop\src\HandleTunnelLoop.cpp(1736): message :             F=DartLib::CMyFace_2,
C:\Users\alexa\Documents\TDA\Assignment_7_Skeleton\Assignment_7_Skeleton\handle_tunnel_loop\src\HandleTunnelLoop.cpp(1736): message :             Dart=DartLib::CMyDart_2,
C:\Users\alexa\Documents\TDA\Assignment_7_Skeleton\Assignment_7_Skeleton\handle_tunnel_loop\src\HandleTunnelLoop.cpp(1736): message :             _Ty=DartLib::CPoint
C:\Users\alexa\Documents\TDA\Assignment_7_Skeleton\Assignment_7_Skeleton\handle_tunnel_loop\src\HandleTunnelLoop.cpp(1736): message :         ]
C:\Users\alexa\Documents\TDA\Assignment_7_Skeleton\Assignment_7_Skeleton\3rdparty\DartLib\core\Mesh\BaseMesh_3.h(629): warning C4715: 'DartLib::TBaseMesh_3<DartLib::CMyVertex,DartLib::CMyEdge,DartLib::CMyFace,DartLib::CMyTet,DartLib::CMyDart>::edge_vertex': not all control paths return a value
  HandleTunnelLoop.vcxproj -> C:\Users\alexa\Documents\TDA\Assignment_7_Skeleton\Assignment_7_Skeleton\build\handle_tunnel_loop\Debug\HandleTunnelLoop.exe
