  HandleTunnelLoop.cpp
C:\Users\alexa\Documents\TDA\Assignment_7_Skeleton\Assignment_7_Skeleton\handle_tunnel_loop\src\HandleTunnelLoop.cpp(84,100): warning C4267: 'initializing': conversion from 'size_t' to 'int', possible loss of data
C:\Users\alexa\Documents\TDA\Assignment_7_Skeleton\Assignment_7_Skeleton\handle_tunnel_loop\src\HandleTunnelLoop.cpp(1234,20): warning C4477: 'fprintf' : format string '%s' requires an argument of type 'char *', but variadic argument 1 has type 'const std::string'
C:\Users\alexa\Documents\TDA\Assignment_7_Skeleton\Assignment_7_Skeleton\handle_tunnel_loop\src\HandleTunnelLoop.cpp(1294,20): warning C4477: 'fprintf' : format string '%s' requires an argument of type 'char *', but variadic argument 1 has type 'const std::string'
C:\Users\alexa\Documents\TDA\Assignment_7_Skeleton\Assignment_7_Skeleton\handle_tunnel_loop\src\HandleTunnelLoop.cpp(1513,20): warning C4477: 'fprintf' : format string '%s' requires an argument of type 'char *', but variadic argument 1 has type 'const std::string'
C:\Users\alexa\Documents\TDA\Assignment_7_Skeleton\Assignment_7_Skeleton\handle_tunnel_loop\src\HandleTunnelLoop.cpp(1571,21): warning C4477: 'fprintf' : format string '%s' requires an argument of type 'char *', but variadic argument 1 has type 'const std::string'
C:\Users\alexa\Documents\TDA\Assignment_7_Skeleton\Assignment_7_Skeleton\handle_tunnel_loop\src\HandleTunnelLoop.cpp(1620,21): warning C4477: 'fprintf' : format string '%s' requires an argument of type 'char *', but variadic argument 1 has type 'const std::string'
C:\Users\alexa\Documents\TDA\Assignment_7_Skeleton\Assignment_7_Skeleton\handle_tunnel_loop\src\HandleTunnelLoop.cpp(1673,20): warning C4477: 'fprintf' : format string '%s' requires an argument of type 'char *', but variadic argument 1 has type 'const std::string'
C:\Users\alexa\Documents\TDA\Assignment_7_Skeleton\Assignment_7_Skeleton\handle_tunnel_loop\src\HandleTunnelLoop.cpp(1715,35): warning C4267: 'initializing': conversion from 'size_t' to 'int', possible loss of data
C:\Users\alexa\Documents\TDA\Assignment_7_Skeleton\Assignment_7_Skeleton\handle_tunnel_loop\src\HandleTunnelLoop.cpp(1744,20): warning C4477: 'fprintf' : format string '%s' requires an argument of type 'char *', but variadic argument 1 has type 'const std::string'
C:\Users\alexa\Documents\TDA\Assignment_7_Skeleton\Assignment_7_Skeleton\handle_tunnel_loop\src\HandleTunnelLoop.cpp(1786,35): warning C4267: 'initializing': conversion from 'size_t' to 'int', possible loss of data
C:\Users\alexa\Documents\TDA\Assignment_7_Skeleton\Assignment_7_Skeleton\handle_tunnel_loop\src\HandleTunnelLoop.cpp(1816,20): warning C4477: 'fprintf' : format string '%s' requires an argument of type 'char *', but variadic argument 1 has type 'const std::string'
C:\Users\alexa\Documents\TDA\Assignment_7_Skeleton\Assignment_7_Skeleton\handle_tunnel_loop\src\HandleTunnelLoop.cpp(1844,36): warning C4267: 'initializing': conversion from 'size_t' to 'int', possible loss of data
C:\Users\alexa\Documents\TDA\Assignment_7_Skeleton\Assignment_7_Skeleton\handle_tunnel_loop\src\HandleTunnelLoop.cpp(1874,20): warning C4477: 'fprintf' : format string '%s' requires an argument of type 'char *', but variadic argument 1 has type 'const std::string'
C:\Users\alexa\Documents\TDA\Assignment_7_Skeleton\Assignment_7_Skeleton\handle_tunnel_loop\src\HandleTunnelLoop.cpp(2127,45): warning C4267: '=': conversion from 'size_t' to 'int', possible loss of data
C:\Users\alexa\Documents\TDA\Assignment_7_Skeleton\Assignment_7_Skeleton\handle_tunnel_loop\src\HandleTunnelLoop.cpp(2131,44): warning C4267: '=': conversion from 'size_t' to 'int', possible loss of data
C:\Users\alexa\Documents\TDA\Assignment_7_Skeleton\Assignment_7_Skeleton\handle_tunnel_loop\src\HandleTunnelLoop.cpp(2135,44): warning C4267: '=': conversion from 'size_t' to 'int', possible loss of data
C:\Users\alexa\Documents\TDA\Assignment_7_Skeleton\Assignment_7_Skeleton\handle_tunnel_loop\src\HandleTunnelLoop.cpp(2139,43): warning C4267: '=': conversion from 'size_t' to 'int', possible loss of data
C:\Users\alexa\Documents\TDA\Assignment_7_Skeleton\Assignment_7_Skeleton\handle_tunnel_loop\src\HandleTunnelLoop.cpp(2143,43): warning C4267: '=': conversion from 'size_t' to 'int', possible loss of data
C:\Users\alexa\Documents\TDA\Assignment_7_Skeleton\Assignment_7_Skeleton\handle_tunnel_loop\src\HandleTunnelLoop.cpp(2147,43): warning C4267: '=': conversion from 'size_t' to 'int', possible loss of data
C:\Users\alexa\Documents\TDA\Assignment_7_Skeleton\Assignment_7_Skeleton\handle_tunnel_loop\src\HandleTunnelLoop.cpp(2151,47): warning C4267: '=': conversion from 'size_t' to 'int', possible loss of data
C:\Users\alexa\Documents\TDA\Assignment_7_Skeleton\Assignment_7_Skeleton\handle_tunnel_loop\src\HandleTunnelLoop.cpp(2155,47): warning C4267: '=': conversion from 'size_t' to 'int', possible loss of data
C:\Users\alexa\Documents\TDA\Assignment_7_Skeleton\Assignment_7_Skeleton\handle_tunnel_loop\src\HandleTunnelLoop.cpp(2215,111): warning C4267: 'initializing': conversion from 'size_t' to 'int', possible loss of data
C:\Users\alexa\Documents\TDA\Assignment_7_Skeleton\Assignment_7_Skeleton\handle_tunnel_loop\src\HandleTunnelLoop.cpp(2348,28): warning C4267: 'initializing': conversion from 'size_t' to 'int', possible loss of data
C:\Users\alexa\Documents\TDA\Assignment_7_Skeleton\Assignment_7_Skeleton\handle_tunnel_loop\src\HandleTunnelLoop.cpp(2518,77): warning C4267: '=': conversion from 'size_t' to 'int', possible loss of data
C:\Users\alexa\Documents\TDA\Assignment_7_Skeleton\Assignment_7_Skeleton\handle_tunnel_loop\src\HandleTunnelLoop.cpp(2523,8): warning C4267: 'argument': conversion from 'size_t' to 'int', possible loss of data
C:\Users\alexa\Documents\TDA\Assignment_7_Skeleton\Assignment_7_Skeleton\handle_tunnel_loop\src\HandleTunnelLoop.cpp(3049,21): warning C4267: 'initializing': conversion from 'size_t' to 'int', possible loss of data
C:\Users\alexa\Documents\TDA\Assignment_7_Skeleton\Assignment_7_Skeleton\handle_tunnel_loop\src\HandleTunnelLoop.cpp(3593,23): warning C4244: 'initializing': conversion from '__int64' to 'int', possible loss of data
C:\Users\alexa\Documents\TDA\Assignment_7_Skeleton\Assignment_7_Skeleton\handle_tunnel_loop\src\HandleTunnelLoop.cpp(4034,23): warning C4244: 'initializing': conversion from '__int64' to 'int', possible loss of data
C:\Users\alexa\Documents\TDA\Assignment_7_Skeleton\Assignment_7_Skeleton\handle_tunnel_loop\src\HandleTunnelLoop.cpp(4160,55): warning C4267: 'initializing': conversion from 'size_t' to 'int', possible loss of data
C:\Users\alexa\Documents\TDA\Assignment_7_Skeleton\Assignment_7_Skeleton\handle_tunnel_loop\src\HandleTunnelLoop.cpp(4453,40): warning C4244: 'argument': conversion from 'unsigned __int64' to 'const double', possible loss of data
C:\Users\alexa\Documents\TDA\Assignment_7_Skeleton\Assignment_7_Skeleton\handle_tunnel_loop\src\HandleTunnelLoop.cpp(4481,40): warning C4244: 'argument': conversion from 'unsigned __int64' to 'const double', possible loss of data
C:\Users\alexa\Documents\TDA\Assignment_7_Skeleton\Assignment_7_Skeleton\handle_tunnel_loop\src\HandleTunnelLoop.cpp(4624,40): warning C4244: 'argument': conversion from 'unsigned __int64' to 'const double', possible loss of data
C:\Users\alexa\Documents\TDA\Assignment_7_Skeleton\Assignment_7_Skeleton\handle_tunnel_loop\src\HandleTunnelLoop.cpp(4672,42): warning C4244: 'argument': conversion from 'unsigned __int64' to 'const double', possible loss of data
C:\Users\alexa\Documents\TDA\Assignment_7_Skeleton\Assignment_7_Skeleton\handle_tunnel_loop\src\HandleTunnelLoop.cpp(4691,72): warning C4267: '=': conversion from 'size_t' to 'int', possible loss of data
C:\Users\alexa\Documents\TDA\Assignment_7_Skeleton\Assignment_7_Skeleton\handle_tunnel_loop\src\HandleTunnelLoop.cpp(4714,42): warning C4244: 'argument': conversion from 'unsigned __int64' to 'const double', possible loss of data
C:\Users\alexa\Documents\TDA\Assignment_7_Skeleton\Assignment_7_Skeleton\handle_tunnel_loop\src\HandleTunnelLoop.cpp(4733,72): warning C4267: '=': conversion from 'size_t' to 'int', possible loss of data
C:\Users\alexa\Documents\TDA\Assignment_7_Skeleton\Assignment_7_Skeleton\handle_tunnel_loop\src\HandleTunnelLoop.cpp(4756,42): warning C4244: 'argument': conversion from 'unsigned __int64' to 'const double', possible loss of data
C:\Users\alexa\Documents\TDA\Assignment_7_Skeleton\Assignment_7_Skeleton\handle_tunnel_loop\src\HandleTunnelLoop.cpp(5005,43): warning C4244: 'argument': conversion from 'unsigned __int64' to 'const double', possible loss of data
C:\Users\alexa\Documents\TDA\Assignment_7_Skeleton\Assignment_7_Skeleton\handle_tunnel_loop\src\HandleTunnelLoop.cpp(5427,39): warning C4244: 'argument': conversion from 'unsigned __int64' to 'const double', possible loss of data
C:\Users\alexa\Documents\TDA\Assignment_7_Skeleton\Assignment_7_Skeleton\handle_tunnel_loop\src\HandleTunnelLoop.cpp(5536,39): warning C4244: 'argument': conversion from 'unsigned __int64' to 'const double', possible loss of data
C:\Users\alexa\Documents\TDA\Assignment_7_Skeleton\Assignment_7_Skeleton\handle_tunnel_loop\src\HandleTunnelLoop.cpp(5578,79): warning C4267: '=': conversion from 'size_t' to 'int', possible loss of data
C:\Users\alexa\Documents\TDA\Assignment_7_Skeleton\Assignment_7_Skeleton\handle_tunnel_loop\src\HandleTunnelLoop.cpp(5700,41): warning C4244: 'argument': conversion from 'unsigned __int64' to 'const double', possible loss of data
C:\Users\alexa\Documents\TDA\Assignment_7_Skeleton\Assignment_7_Skeleton\3rdparty\DartLib\core\Mesh/BaseMesh_2.h(372,1): warning C4267: 'initializing': conversion from 'size_t' to 'int', possible loss of data
C:\Users\alexa\Documents\TDA\Assignment_7_Skeleton\Assignment_7_Skeleton\3rdparty\DartLib\core\Mesh/BaseMesh_2.h(358): message : while compiling class template member function 'void DartLib::TBaseMesh_2<V,E,F,Dart>::load(const std::vector<DartLib::CPoint,std::allocator<_Ty>> &,const std::vector<int,std::allocator<int>> &)'
C:\Users\alexa\Documents\TDA\Assignment_7_Skeleton\Assignment_7_Skeleton\3rdparty\DartLib\core\Mesh/BaseMesh_2.h(358): message :         with
C:\Users\alexa\Documents\TDA\Assignment_7_Skeleton\Assignment_7_Skeleton\3rdparty\DartLib\core\Mesh/BaseMesh_2.h(358): message :         [
C:\Users\alexa\Documents\TDA\Assignment_7_Skeleton\Assignment_7_Skeleton\3rdparty\DartLib\core\Mesh/BaseMesh_2.h(358): message :             V=DartLib::CMyVertex_2,
C:\Users\alexa\Documents\TDA\Assignment_7_Skeleton\Assignment_7_Skeleton\3rdparty\DartLib\core\Mesh/BaseMesh_2.h(358): message :             E=DartLib::CMyEdge_2,
C:\Users\alexa\Documents\TDA\Assignment_7_Skeleton\Assignment_7_Skeleton\3rdparty\DartLib\core\Mesh/BaseMesh_2.h(358): message :             F=DartLib::CMyFace_2,
C:\Users\alexa\Documents\TDA\Assignment_7_Skeleton\Assignment_7_Skeleton\3rdparty\DartLib\core\Mesh/BaseMesh_2.h(358): message :             Dart=DartLib::CMyDart_2,
C:\Users\alexa\Documents\TDA\Assignment_7_Skeleton\Assignment_7_Skeleton\3rdparty\DartLib\core\Mesh/BaseMesh_2.h(358): message :             _Ty=DartLib::CPoint
C:\Users\alexa\Documents\TDA\Assignment_7_Skeleton\Assignment_7_Skeleton\3rdparty\DartLib\core\Mesh/BaseMesh_2.h(358): message :         ]
C:\Users\alexa\Documents\TDA\Assignment_7_Skeleton\Assignment_7_Skeleton\handle_tunnel_loop\src\HandleTunnelLoop.cpp(1945): message : see reference to function template instantiation 'void DartLib::TBaseMesh_2<V,E,F,Dart>::load(const std::vector<DartLib::CPoint,std::allocator<_Ty>> &,const std::vector<int,std::allocator<int>> &)' being compiled
C:\Users\alexa\Documents\TDA\Assignment_7_Skeleton\Assignment_7_Skeleton\handle_tunnel_loop\src\HandleTunnelLoop.cpp(1945): message :         with
C:\Users\alexa\Documents\TDA\Assignment_7_Skeleton\Assignment_7_Skeleton\handle_tunnel_loop\src\HandleTunnelLoop.cpp(1945): message :         [
C:\Users\alexa\Documents\TDA\Assignment_7_Skeleton\Assignment_7_Skeleton\handle_tunnel_loop\src\HandleTunnelLoop.cpp(1945): message :             V=DartLib::CMyVertex_2,
C:\Users\alexa\Documents\TDA\Assignment_7_Skeleton\Assignment_7_Skeleton\handle_tunnel_loop\src\HandleTunnelLoop.cpp(1945): message :             E=DartLib::CMyEdge_2,
C:\Users\alexa\Documents\TDA\Assignment_7_Skeleton\Assignment_7_Skeleton\handle_tunnel_loop\src\HandleTunnelLoop.cpp(1945): message :             F=DartLib::CMyFace_2,
C:\Users\alexa\Documents\TDA\Assignment_7_Skeleton\Assignment_7_Skeleton\handle_tunnel_loop\src\HandleTunnelLoop.cpp(1945): message :             Dart=DartLib::CMyDart_2,
C:\Users\alexa\Documents\TDA\Assignment_7_Skeleton\Assignment_7_Skeleton\handle_tunnel_loop\src\HandleTunnelLoop.cpp(1945): message :             _Ty=DartLib::CPoint
C:\Users\alexa\Documents\TDA\Assignment_7_Skeleton\Assignment_7_Skeleton\handle_tunnel_loop\src\HandleTunnelLoop.cpp(1945): message :         ]
C:\Users\alexa\Documents\TDA\Assignment_7_Skeleton\Assignment_7_Skeleton\handle_tunnel_loop\include\MyMesh.h(70): message : see reference to class template instantiation 'DartLib::TBaseMesh_2<V,E,F,Dart>' being compiled
C:\Users\alexa\Documents\TDA\Assignment_7_Skeleton\Assignment_7_Skeleton\handle_tunnel_loop\include\MyMesh.h(70): message :         with
C:\Users\alexa\Documents\TDA\Assignment_7_Skeleton\Assignment_7_Skeleton\handle_tunnel_loop\include\MyMesh.h(70): message :         [
C:\Users\alexa\Documents\TDA\Assignment_7_Skeleton\Assignment_7_Skeleton\handle_tunnel_loop\include\MyMesh.h(70): message :             V=DartLib::CMyVertex_2,
C:\Users\alexa\Documents\TDA\Assignment_7_Skeleton\Assignment_7_Skeleton\handle_tunnel_loop\include\MyMesh.h(70): message :             E=DartLib::CMyEdge_2,
C:\Users\alexa\Documents\TDA\Assignment_7_Skeleton\Assignment_7_Skeleton\handle_tunnel_loop\include\MyMesh.h(70): message :             F=DartLib::CMyFace_2,
C:\Users\alexa\Documents\TDA\Assignment_7_Skeleton\Assignment_7_Skeleton\handle_tunnel_loop\include\MyMesh.h(70): message :             Dart=DartLib::CMyDart_2
C:\Users\alexa\Documents\TDA\Assignment_7_Skeleton\Assignment_7_Skeleton\handle_tunnel_loop\include\MyMesh.h(70): message :         ]
C:\Users\alexa\Documents\TDA\Assignment_7_Skeleton\Assignment_7_Skeleton\handle_tunnel_loop\src\HandleTunnelLoop.cpp(1945): message : see reference to class template instantiation 'DartLib::TMyMesh<DartLib::CMyVertex_2,DartLib::CMyEdge_2,DartLib::CMyFace_2,DartLib::CMyDart_2>' being compiled
C:\Program Files (x86)\Microsoft Visual Studio\2019\Community\VC\Tools\MSVC\14.23.28105\include\utility(165,1): warning C4267: 'initializing': conversion from 'size_t' to '_Ty2', possible loss of data
C:\Program Files (x86)\Microsoft Visual Studio\2019\Community\VC\Tools\MSVC\14.23.28105\include\utility(165,1): warning C4267:         with
C:\Program Files (x86)\Microsoft Visual Studio\2019\Community\VC\Tools\MSVC\14.23.28105\include\utility(165,1): warning C4267:         [
C:\Program Files (x86)\Microsoft Visual Studio\2019\Community\VC\Tools\MSVC\14.23.28105\include\utility(165,1): warning C4267:             _Ty2=int
C:\Program Files (x86)\Microsoft Visual Studio\2019\Community\VC\Tools\MSVC\14.23.28105\include\utility(165,1): warning C4267:         ]
C:\Program Files (x86)\Microsoft Visual Studio\2019\Community\VC\Tools\MSVC\14.23.28105\include\xmemory(758): message : see reference to function template instantiation 'std::pair<const _Kty,_Ty>::pair<const _Ty*,unsigned __int64,0>(std::pair<const _Ty *,unsigned __int64> &&) noexcept(false)' being compiled
C:\Program Files (x86)\Microsoft Visual Studio\2019\Community\VC\Tools\MSVC\14.23.28105\include\xmemory(758): message :         with
C:\Program Files (x86)\Microsoft Visual Studio\2019\Community\VC\Tools\MSVC\14.23.28105\include\xmemory(758): message :         [
C:\Program Files (x86)\Microsoft Visual Studio\2019\Community\VC\Tools\MSVC\14.23.28105\include\xmemory(758): message :             _Kty=DartLib::EdgeMapKey,
C:\Program Files (x86)\Microsoft Visual Studio\2019\Community\VC\Tools\MSVC\14.23.28105\include\xmemory(758): message :             _Ty=int
C:\Program Files (x86)\Microsoft Visual Studio\2019\Community\VC\Tools\MSVC\14.23.28105\include\xmemory(758): message :         ]
C:\Program Files (x86)\Microsoft Visual Studio\2019\Community\VC\Tools\MSVC\14.23.28105\include\xmemory(758): message : see reference to function template instantiation 'std::pair<const _Kty,_Ty>::pair<const _Ty*,unsigned __int64,0>(std::pair<const _Ty *,unsigned __int64> &&) noexcept(false)' being compiled
C:\Program Files (x86)\Microsoft Visual Studio\2019\Community\VC\Tools\MSVC\14.23.28105\include\xmemory(758): message :         with
C:\Program Files (x86)\Microsoft Visual Studio\2019\Community\VC\Tools\MSVC\14.23.28105\include\xmemory(758): message :         [
C:\Program Files (x86)\Microsoft Visual Studio\2019\Community\VC\Tools\MSVC\14.23.28105\include\xmemory(758): message :             _Kty=DartLib::EdgeMapKey,
C:\Program Files (x86)\Microsoft Visual Studio\2019\Community\VC\Tools\MSVC\14.23.28105\include\xmemory(758): message :             _Ty=int
C:\Program Files (x86)\Microsoft Visual Studio\2019\Community\VC\Tools\MSVC\14.23.28105\include\xmemory(758): message :         ]
C:\Program Files (x86)\Microsoft Visual Studio\2019\Community\VC\Tools\MSVC\14.23.28105\include\list(541): message : see reference to function template instantiation 'void std::_Default_allocator_traits<_Alloc>::construct<_Ty,std::pair<const int *,unsigned __int64>>(_Alloc &,_Objty *const ,std::pair<const int *,unsigned __int64> &&)' being compiled
C:\Program Files (x86)\Microsoft Visual Studio\2019\Community\VC\Tools\MSVC\14.23.28105\include\list(541): message :         with
C:\Program Files (x86)\Microsoft Visual Studio\2019\Community\VC\Tools\MSVC\14.23.28105\include\list(541): message :         [
C:\Program Files (x86)\Microsoft Visual Studio\2019\Community\VC\Tools\MSVC\14.23.28105\include\list(541): message :             _Alloc=std::allocator<std::_List_node<std::pair<const DartLib::EdgeMapKey,int>,std::_Default_allocator_traits<std::allocator<std::pair<const DartLib::EdgeMapKey,int>>>::void_pointer>>,
C:\Program Files (x86)\Microsoft Visual Studio\2019\Community\VC\Tools\MSVC\14.23.28105\include\list(541): message :             _Ty=std::pair<const DartLib::EdgeMapKey,int>,
C:\Program Files (x86)\Microsoft Visual Studio\2019\Community\VC\Tools\MSVC\14.23.28105\include\list(541): message :             _Objty=std::pair<const DartLib::EdgeMapKey,int>
C:\Program Files (x86)\Microsoft Visual Studio\2019\Community\VC\Tools\MSVC\14.23.28105\include\list(541): message :         ]
C:\Program Files (x86)\Microsoft Visual Studio\2019\Community\VC\Tools\MSVC\14.23.28105\include\list(541): message : see reference to function template instantiation 'void std::_Default_allocator_traits<_Alloc>::construct<_Ty,std::pair<const int *,unsigned __int64>>(_Alloc &,_Objty *const ,std::pair<const int *,unsigned __int64> &&)' being compiled
C:\Program Files (x86)\Microsoft Visual Studio\2019\Community\VC\Tools\MSVC\14.23.28105\include\list(541): message :         with
C:\Program Files (x86)\Microsoft Visual Studio\2019\Community\VC\Tools\MSVC\14.23.28105\include\list(541): message :         [
C:\Program Files (x86)\Microsoft Visual Studio\2019\Community\VC\Tools\MSVC\14.23.28105\include\list(541): message :             _Alloc=std::allocator<std::_List_node<std::pair<const DartLib::EdgeMapKey,int>,std::_Default_allocator_traits<std::allocator<std::pair<const DartLib::EdgeMapKey,int>>>::void_pointer>>,
C:\Program Files (x86)\Microsoft Visual Studio\2019\Community\VC\Tools\MSVC\14.23.28105\include\list(541): message :             _Ty=std::pair<const DartLib::EdgeMapKey,int>,
C:\Program Files (x86)\Microsoft Visual Studio\2019\Community\VC\Tools\MSVC\14.23.28105\include\list(541): message :             _Objty=std::pair<const DartLib::EdgeMapKey,int>
C:\Program Files (x86)\Microsoft Visual Studio\2019\Community\VC\Tools\MSVC\14.23.28105\include\list(541): message :         ]
C:\Program Files (x86)\Microsoft Visual Studio\2019\Community\VC\Tools\MSVC\14.23.28105\include\xhash(629): message : see reference to function template instantiation 'std::_List_node_emplace_op2<std::allocator<std::_List_node<_Ty,std::_Default_allocator_traits<_Alloc>::void_pointer>>>::_List_node_emplace_op2<std::pair<const int *,unsigned __int64>>(_Alnode &,std::pair<const int *,unsigned __int64> &&)' being compiled
C:\Program Files (x86)\Microsoft Visual Studio\2019\Community\VC\Tools\MSVC\14.23.28105\include\xhash(629): message :         with
C:\Program Files (x86)\Microsoft Visual Studio\2019\Community\VC\Tools\MSVC\14.23.28105\include\xhash(629): message :         [
C:\Program Files (x86)\Microsoft Visual Studio\2019\Community\VC\Tools\MSVC\14.23.28105\include\xhash(629): message :             _Ty=std::pair<const DartLib::EdgeMapKey,int>,
C:\Program Files (x86)\Microsoft Visual Studio\2019\Community\VC\Tools\MSVC\14.23.28105\include\xhash(629): message :             _Alloc=std::allocator<std::pair<const DartLib::EdgeMapKey,int>>,
C:\Program Files (x86)\Microsoft Visual Studio\2019\Community\VC\Tools\MSVC\14.23.28105\include\xhash(629): message :             _Alnode=std::allocator<std::_List_node<std::pair<const DartLib::EdgeMapKey,int>,std::_Default_allocator_traits<std::allocator<std::pair<const DartLib::EdgeMapKey,int>>>::void_pointer>>
C:\Program Files (x86)\Microsoft Visual Studio\2019\Community\VC\Tools\MSVC\14.23.28105\include\xhash(629): message :         ]
C:\Program Files (x86)\Microsoft Visual Studio\2019\Community\VC\Tools\MSVC\14.23.28105\include\xhash(629): message : see reference to function template instantiation 'std::_List_node_emplace_op2<std::allocator<std::_List_node<_Ty,std::_Default_allocator_traits<_Alloc>::void_pointer>>>::_List_node_emplace_op2<std::pair<const int *,unsigned __int64>>(_Alnode &,std::pair<const int *,unsigned __int64> &&)' being compiled
C:\Program Files (x86)\Microsoft Visual Studio\2019\Community\VC\Tools\MSVC\14.23.28105\include\xhash(629): message :         with
C:\Program Files (x86)\Microsoft Visual Studio\2019\Community\VC\Tools\MSVC\14.23.28105\include\xhash(629): message :         [
C:\Program Files (x86)\Microsoft Visual Studio\2019\Community\VC\Tools\MSVC\14.23.28105\include\xhash(629): message :             _Ty=std::pair<const DartLib::EdgeMapKey,int>,
C:\Program Files (x86)\Microsoft Visual Studio\2019\Community\VC\Tools\MSVC\14.23.28105\include\xhash(629): message :             _Alloc=std::allocator<std::pair<const DartLib::EdgeMapKey,int>>,
C:\Program Files (x86)\Microsoft Visual Studio\2019\Community\VC\Tools\MSVC\14.23.28105\include\xhash(629): message :             _Alnode=std::allocator<std::_List_node<std::pair<const DartLib::EdgeMapKey,int>,std::_Default_allocator_traits<std::allocator<std::pair<const DartLib::EdgeMapKey,int>>>::void_pointer>>
C:\Program Files (x86)\Microsoft Visual Studio\2019\Community\VC\Tools\MSVC\14.23.28105\include\xhash(629): message :         ]
C:\Program Files (x86)\Microsoft Visual Studio\2019\Community\VC\Tools\MSVC\14.23.28105\include\unordered_map(254): message : see reference to function template instantiation 'std::pair<std::_List_iterator<std::_List_val<std::_List_simple_types<_Ty>>>,bool> std::_Hash<std::_Umap_traits<_Kty,int,std::_Uhash_compare<_Kty,_Hasher,_Keyeq>,_Alloc,false>>::emplace<std::pair<const int *,unsigned __int64>>(std::pair<const int *,unsigned __int64> &&)' being compiled
C:\Program Files (x86)\Microsoft Visual Studio\2019\Community\VC\Tools\MSVC\14.23.28105\include\unordered_map(254): message :         with
C:\Program Files (x86)\Microsoft Visual Studio\2019\Community\VC\Tools\MSVC\14.23.28105\include\unordered_map(254): message :         [
C:\Program Files (x86)\Microsoft Visual Studio\2019\Community\VC\Tools\MSVC\14.23.28105\include\unordered_map(254): message :             _Ty=std::pair<const DartLib::EdgeMapKey,int>,
C:\Program Files (x86)\Microsoft Visual Studio\2019\Community\VC\Tools\MSVC\14.23.28105\include\unordered_map(254): message :             _Kty=DartLib::EdgeMapKey,
C:\Program Files (x86)\Microsoft Visual Studio\2019\Community\VC\Tools\MSVC\14.23.28105\include\unordered_map(254): message :             _Hasher=DartLib::EdgeMapKey_hasher,
C:\Program Files (x86)\Microsoft Visual Studio\2019\Community\VC\Tools\MSVC\14.23.28105\include\unordered_map(254): message :             _Keyeq=std::equal_to<DartLib::EdgeMapKey>,
C:\Program Files (x86)\Microsoft Visual Studio\2019\Community\VC\Tools\MSVC\14.23.28105\include\unordered_map(254): message :             _Alloc=std::allocator<std::pair<const DartLib::EdgeMapKey,int>>
C:\Program Files (x86)\Microsoft Visual Studio\2019\Community\VC\Tools\MSVC\14.23.28105\include\unordered_map(254): message :         ]
C:\Program Files (x86)\Microsoft Visual Studio\2019\Community\VC\Tools\MSVC\14.23.28105\include\unordered_map(254): message : see reference to function template instantiation 'std::pair<std::_List_iterator<std::_List_val<std::_List_simple_types<_Ty>>>,bool> std::_Hash<std::_Umap_traits<_Kty,int,std::_Uhash_compare<_Kty,_Hasher,_Keyeq>,_Alloc,false>>::emplace<std::pair<const int *,unsigned __int64>>(std::pair<const int *,unsigned __int64> &&)' being compiled
C:\Program Files (x86)\Microsoft Visual Studio\2019\Community\VC\Tools\MSVC\14.23.28105\include\unordered_map(254): message :         with
C:\Program Files (x86)\Microsoft Visual Studio\2019\Community\VC\Tools\MSVC\14.23.28105\include\unordered_map(254): message :         [
C:\Program Files (x86)\Microsoft Visual Studio\2019\Community\VC\Tools\MSVC\14.23.28105\include\unordered_map(254): message :             _Ty=std::pair<const DartLib::EdgeMapKey,int>,
C:\Program Files (x86)\Microsoft Visual Studio\2019\Community\VC\Tools\MSVC\14.23.28105\include\unordered_map(254): message :             _Kty=DartLib::EdgeMapKey,
C:\Program Files (x86)\Microsoft Visual Studio\2019\Community\VC\Tools\MSVC\14.23.28105\include\unordered_map(254): message :             _Hasher=DartLib::EdgeMapKey_hasher,
C:\Program Files (x86)\Microsoft Visual Studio\2019\Community\VC\Tools\MSVC\14.23.28105\include\unordered_map(254): message :             _Keyeq=std::equal_to<DartLib::EdgeMapKey>,
C:\Program Files (x86)\Microsoft Visual Studio\2019\Community\VC\Tools\MSVC\14.23.28105\include\unordered_map(254): message :             _Alloc=std::allocator<std::pair<const DartLib::EdgeMapKey,int>>
C:\Program Files (x86)\Microsoft Visual Studio\2019\Community\VC\Tools\MSVC\14.23.28105\include\unordered_map(254): message :         ]
C:\Users\alexa\Documents\TDA\Assignment_7_Skeleton\Assignment_7_Skeleton\3rdparty\DartLib\core\Mesh/BaseMesh_2.h(439): message : see reference to function template instantiation 'std::pair<std::_List_iterator<std::_List_val<std::_List_simple_types<_Ty>>>,bool> std::unordered_map<DartLib::EdgeMapKey,int,DartLib::EdgeMapKey_hasher,std::equal_to<_Kty>,std::allocator<_Ty>>::insert<std::pair<const int *,unsigned __int64>,void>(_Valty &&)' being compiled
C:\Users\alexa\Documents\TDA\Assignment_7_Skeleton\Assignment_7_Skeleton\3rdparty\DartLib\core\Mesh/BaseMesh_2.h(439): message :         with
C:\Users\alexa\Documents\TDA\Assignment_7_Skeleton\Assignment_7_Skeleton\3rdparty\DartLib\core\Mesh/BaseMesh_2.h(439): message :         [
C:\Users\alexa\Documents\TDA\Assignment_7_Skeleton\Assignment_7_Skeleton\3rdparty\DartLib\core\Mesh/BaseMesh_2.h(439): message :             _Ty=std::pair<const DartLib::EdgeMapKey,int>,
C:\Users\alexa\Documents\TDA\Assignment_7_Skeleton\Assignment_7_Skeleton\3rdparty\DartLib\core\Mesh/BaseMesh_2.h(439): message :             _Kty=DartLib::EdgeMapKey,
C:\Users\alexa\Documents\TDA\Assignment_7_Skeleton\Assignment_7_Skeleton\3rdparty\DartLib\core\Mesh/BaseMesh_2.h(439): message :             _Valty=std::pair<const int *,unsigned __int64>
C:\Users\alexa\Documents\TDA\Assignment_7_Skeleton\Assignment_7_Skeleton\3rdparty\DartLib\core\Mesh/BaseMesh_2.h(439): message :         ]
C:\Users\alexa\Documents\TDA\Assignment_7_Skeleton\Assignment_7_Skeleton\3rdparty\DartLib\core\Mesh/BaseMesh_2.h(439): message : see reference to function template instantiation 'std::pair<std::_List_iterator<std::_List_val<std::_List_simple_types<_Ty>>>,bool> std::unordered_map<DartLib::EdgeMapKey,int,DartLib::EdgeMapKey_hasher,std::equal_to<_Kty>,std::allocator<_Ty>>::insert<std::pair<const int *,unsigned __int64>,void>(_Valty &&)' being compiled
C:\Users\alexa\Documents\TDA\Assignment_7_Skeleton\Assignment_7_Skeleton\3rdparty\DartLib\core\Mesh/BaseMesh_2.h(439): message :         with
C:\Users\alexa\Documents\TDA\Assignment_7_Skeleton\Assignment_7_Skeleton\3rdparty\DartLib\core\Mesh/BaseMesh_2.h(439): message :         [
C:\Users\alexa\Documents\TDA\Assignment_7_Skeleton\Assignment_7_Skeleton\3rdparty\DartLib\core\Mesh/BaseMesh_2.h(439): message :             _Ty=std::pair<const DartLib::EdgeMapKey,int>,
C:\Users\alexa\Documents\TDA\Assignment_7_Skeleton\Assignment_7_Skeleton\3rdparty\DartLib\core\Mesh/BaseMesh_2.h(439): message :             _Kty=DartLib::EdgeMapKey,
C:\Users\alexa\Documents\TDA\Assignment_7_Skeleton\Assignment_7_Skeleton\3rdparty\DartLib\core\Mesh/BaseMesh_2.h(439): message :             _Valty=std::pair<const int *,unsigned __int64>
C:\Users\alexa\Documents\TDA\Assignment_7_Skeleton\Assignment_7_Skeleton\3rdparty\DartLib\core\Mesh/BaseMesh_2.h(439): message :         ]
C:\Users\alexa\Documents\TDA\Assignment_7_Skeleton\Assignment_7_Skeleton\3rdparty\DartLib\core\Mesh/BaseMesh_2.h(428): message : while compiling class template member function 'CDart *DartLib::TBaseMesh_2<V,E,F,CDart>::add_edge(CFace *,const std::vector<int,std::allocator<_Ty>> &)'
C:\Users\alexa\Documents\TDA\Assignment_7_Skeleton\Assignment_7_Skeleton\3rdparty\DartLib\core\Mesh/BaseMesh_2.h(428): message :         with
C:\Users\alexa\Documents\TDA\Assignment_7_Skeleton\Assignment_7_Skeleton\3rdparty\DartLib\core\Mesh/BaseMesh_2.h(428): message :         [
C:\Users\alexa\Documents\TDA\Assignment_7_Skeleton\Assignment_7_Skeleton\3rdparty\DartLib\core\Mesh/BaseMesh_2.h(428): message :             CDart=DartLib::CMyDart_2,
C:\Users\alexa\Documents\TDA\Assignment_7_Skeleton\Assignment_7_Skeleton\3rdparty\DartLib\core\Mesh/BaseMesh_2.h(428): message :             V=DartLib::CMyVertex_2,
C:\Users\alexa\Documents\TDA\Assignment_7_Skeleton\Assignment_7_Skeleton\3rdparty\DartLib\core\Mesh/BaseMesh_2.h(428): message :             E=DartLib::CMyEdge_2,
C:\Users\alexa\Documents\TDA\Assignment_7_Skeleton\Assignment_7_Skeleton\3rdparty\DartLib\core\Mesh/BaseMesh_2.h(428): message :             F=DartLib::CMyFace_2,
C:\Users\alexa\Documents\TDA\Assignment_7_Skeleton\Assignment_7_Skeleton\3rdparty\DartLib\core\Mesh/BaseMesh_2.h(428): message :             CFace=DartLib::CMyFace_2,
C:\Users\alexa\Documents\TDA\Assignment_7_Skeleton\Assignment_7_Skeleton\3rdparty\DartLib\core\Mesh/BaseMesh_2.h(428): message :             _Ty=int
C:\Users\alexa\Documents\TDA\Assignment_7_Skeleton\Assignment_7_Skeleton\3rdparty\DartLib\core\Mesh/BaseMesh_2.h(428): message :         ]
C:\Users\alexa\Documents\TDA\Assignment_7_Skeleton\Assignment_7_Skeleton\3rdparty\DartLib\core\Mesh/BaseMesh_2.h(407): message : see reference to function template instantiation 'CDart *DartLib::TBaseMesh_2<V,E,F,CDart>::add_edge(CFace *,const std::vector<int,std::allocator<_Ty>> &)' being compiled
C:\Users\alexa\Documents\TDA\Assignment_7_Skeleton\Assignment_7_Skeleton\3rdparty\DartLib\core\Mesh/BaseMesh_2.h(407): message :         with
C:\Users\alexa\Documents\TDA\Assignment_7_Skeleton\Assignment_7_Skeleton\3rdparty\DartLib\core\Mesh/BaseMesh_2.h(407): message :         [
C:\Users\alexa\Documents\TDA\Assignment_7_Skeleton\Assignment_7_Skeleton\3rdparty\DartLib\core\Mesh/BaseMesh_2.h(407): message :             CDart=DartLib::CMyDart_2,
C:\Users\alexa\Documents\TDA\Assignment_7_Skeleton\Assignment_7_Skeleton\3rdparty\DartLib\core\Mesh/BaseMesh_2.h(407): message :             V=DartLib::CMyVertex_2,
C:\Users\alexa\Documents\TDA\Assignment_7_Skeleton\Assignment_7_Skeleton\3rdparty\DartLib\core\Mesh/BaseMesh_2.h(407): message :             E=DartLib::CMyEdge_2,
C:\Users\alexa\Documents\TDA\Assignment_7_Skeleton\Assignment_7_Skeleton\3rdparty\DartLib\core\Mesh/BaseMesh_2.h(407): message :             F=DartLib::CMyFace_2,
C:\Users\alexa\Documents\TDA\Assignment_7_Skeleton\Assignment_7_Skeleton\3rdparty\DartLib\core\Mesh/BaseMesh_2.h(407): message :             CFace=DartLib::CMyFace_2,
C:\Users\alexa\Documents\TDA\Assignment_7_Skeleton\Assignment_7_Skeleton\3rdparty\DartLib\core\Mesh/BaseMesh_2.h(407): message :             _Ty=int
C:\Users\alexa\Documents\TDA\Assignment_7_Skeleton\Assignment_7_Skeleton\3rdparty\DartLib\core\Mesh/BaseMesh_2.h(407): message :         ]
C:\Users\alexa\Documents\TDA\Assignment_7_Skeleton\Assignment_7_Skeleton\3rdparty\DartLib\core\Mesh/BaseMesh_2.h(189): message : while compiling class template member function 'void DartLib::TBaseMesh_2<V,E,F,Dart>::unload(void)'
C:\Users\alexa\Documents\TDA\Assignment_7_Skeleton\Assignment_7_Skeleton\3rdparty\DartLib\core\Mesh/BaseMesh_2.h(189): message :         with
C:\Users\alexa\Documents\TDA\Assignment_7_Skeleton\Assignment_7_Skeleton\3rdparty\DartLib\core\Mesh/BaseMesh_2.h(189): message :         [
C:\Users\alexa\Documents\TDA\Assignment_7_Skeleton\Assignment_7_Skeleton\3rdparty\DartLib\core\Mesh/BaseMesh_2.h(189): message :             V=DartLib::CMyVertex_2,
C:\Users\alexa\Documents\TDA\Assignment_7_Skeleton\Assignment_7_Skeleton\3rdparty\DartLib\core\Mesh/BaseMesh_2.h(189): message :             E=DartLib::CMyEdge_2,
C:\Users\alexa\Documents\TDA\Assignment_7_Skeleton\Assignment_7_Skeleton\3rdparty\DartLib\core\Mesh/BaseMesh_2.h(189): message :             F=DartLib::CMyFace_2,
C:\Users\alexa\Documents\TDA\Assignment_7_Skeleton\Assignment_7_Skeleton\3rdparty\DartLib\core\Mesh/BaseMesh_2.h(189): message :             Dart=DartLib::CMyDart_2
C:\Users\alexa\Documents\TDA\Assignment_7_Skeleton\Assignment_7_Skeleton\3rdparty\DartLib\core\Mesh/BaseMesh_2.h(189): message :         ]
C:\Users\alexa\Documents\TDA\Assignment_7_Skeleton\Assignment_7_Skeleton\3rdparty\DartLib\core\Mesh/BaseMesh_2.h(360): message : see reference to function template instantiation 'void DartLib::TBaseMesh_2<V,E,F,Dart>::unload(void)' being compiled
C:\Users\alexa\Documents\TDA\Assignment_7_Skeleton\Assignment_7_Skeleton\3rdparty\DartLib\core\Mesh/BaseMesh_2.h(360): message :         with
C:\Users\alexa\Documents\TDA\Assignment_7_Skeleton\Assignment_7_Skeleton\3rdparty\DartLib\core\Mesh/BaseMesh_2.h(360): message :         [
C:\Users\alexa\Documents\TDA\Assignment_7_Skeleton\Assignment_7_Skeleton\3rdparty\DartLib\core\Mesh/BaseMesh_2.h(360): message :             V=DartLib::CMyVertex_2,
C:\Users\alexa\Documents\TDA\Assignment_7_Skeleton\Assignment_7_Skeleton\3rdparty\DartLib\core\Mesh/BaseMesh_2.h(360): message :             E=DartLib::CMyEdge_2,
C:\Users\alexa\Documents\TDA\Assignment_7_Skeleton\Assignment_7_Skeleton\3rdparty\DartLib\core\Mesh/BaseMesh_2.h(360): message :             F=DartLib::CMyFace_2,
C:\Users\alexa\Documents\TDA\Assignment_7_Skeleton\Assignment_7_Skeleton\3rdparty\DartLib\core\Mesh/BaseMesh_2.h(360): message :             Dart=DartLib::CMyDart_2
C:\Users\alexa\Documents\TDA\Assignment_7_Skeleton\Assignment_7_Skeleton\3rdparty\DartLib\core\Mesh/BaseMesh_2.h(360): message :         ]
C:\Users\alexa\Documents\TDA\Assignment_7_Skeleton\Assignment_7_Skeleton\3rdparty\DartLib\core\Mesh/BaseMesh_2.h(358): message : while compiling class template member function 'void DartLib::TBaseMesh_2<V,E,F,Dart>::load(const std::vector<DartLib::CPoint,std::allocator<_Ty>> &,const std::vector<int,std::allocator<int>> &)'
C:\Users\alexa\Documents\TDA\Assignment_7_Skeleton\Assignment_7_Skeleton\3rdparty\DartLib\core\Mesh/BaseMesh_2.h(358): message :         with
C:\Users\alexa\Documents\TDA\Assignment_7_Skeleton\Assignment_7_Skeleton\3rdparty\DartLib\core\Mesh/BaseMesh_2.h(358): message :         [
C:\Users\alexa\Documents\TDA\Assignment_7_Skeleton\Assignment_7_Skeleton\3rdparty\DartLib\core\Mesh/BaseMesh_2.h(358): message :             V=DartLib::CMyVertex_2,
C:\Users\alexa\Documents\TDA\Assignment_7_Skeleton\Assignment_7_Skeleton\3rdparty\DartLib\core\Mesh/BaseMesh_2.h(358): message :             E=DartLib::CMyEdge_2,
C:\Users\alexa\Documents\TDA\Assignment_7_Skeleton\Assignment_7_Skeleton\3rdparty\DartLib\core\Mesh/BaseMesh_2.h(358): message :             F=DartLib::CMyFace_2,
C:\Users\alexa\Documents\TDA\Assignment_7_Skeleton\Assignment_7_Skeleton\3rdparty\DartLib\core\Mesh/BaseMesh_2.h(358): message :             Dart=DartLib::CMyDart_2,
C:\Users\alexa\Documents\TDA\Assignment_7_Skeleton\Assignment_7_Skeleton\3rdparty\DartLib\core\Mesh/BaseMesh_2.h(358): message :             _Ty=DartLib::CPoint
C:\Users\alexa\Documents\TDA\Assignment_7_Skeleton\Assignment_7_Skeleton\3rdparty\DartLib\core\Mesh/BaseMesh_2.h(358): message :         ]
  main.cpp
C:\Users\alexa\Documents\TDA\Assignment_7_Skeleton\Assignment_7_Skeleton\handle_tunnel_loop\src\HandleTunnelLoop.cpp(1945): message : see reference to function template instantiation 'void DartLib::TBaseMesh_2<V,E,F,Dart>::load(const std::vector<DartLib::CPoint,std::allocator<_Ty>> &,const std::vector<int,std::allocator<int>> &)' being compiled
C:\Users\alexa\Documents\TDA\Assignment_7_Skeleton\Assignment_7_Skeleton\handle_tunnel_loop\src\HandleTunnelLoop.cpp(1945): message :         with
C:\Users\alexa\Documents\TDA\Assignment_7_Skeleton\Assignment_7_Skeleton\handle_tunnel_loop\src\HandleTunnelLoop.cpp(1945): message :         [
C:\Users\alexa\Documents\TDA\Assignment_7_Skeleton\Assignment_7_Skeleton\handle_tunnel_loop\src\HandleTunnelLoop.cpp(1945): message :             V=DartLib::CMyVertex_2,
C:\Users\alexa\Documents\TDA\Assignment_7_Skeleton\Assignment_7_Skeleton\handle_tunnel_loop\src\HandleTunnelLoop.cpp(1945): message :             E=DartLib::CMyEdge_2,
C:\Users\alexa\Documents\TDA\Assignment_7_Skeleton\Assignment_7_Skeleton\handle_tunnel_loop\src\HandleTunnelLoop.cpp(1945): message :             F=DartLib::CMyFace_2,
C:\Users\alexa\Documents\TDA\Assignment_7_Skeleton\Assignment_7_Skeleton\handle_tunnel_loop\src\HandleTunnelLoop.cpp(1945): message :             Dart=DartLib::CMyDart_2,
C:\Users\alexa\Documents\TDA\Assignment_7_Skeleton\Assignment_7_Skeleton\handle_tunnel_loop\src\HandleTunnelLoop.cpp(1945): message :             _Ty=DartLib::CPoint
C:\Users\alexa\Documents\TDA\Assignment_7_Skeleton\Assignment_7_Skeleton\handle_tunnel_loop\src\HandleTunnelLoop.cpp(1945): message :         ]
C:\Users\alexa\Documents\TDA\Assignment_7_Skeleton\Assignment_7_Skeleton\handle_tunnel_loop\src\main.cpp(88,46): warning C4838: conversion from 'double' to 'GLfloat' requires a narrowing conversion
C:\Users\alexa\Documents\TDA\Assignment_7_Skeleton\Assignment_7_Skeleton\handle_tunnel_loop\src\main.cpp(88,46): warning C4244: 'initializing': conversion from 'double' to 'GLfloat', possible loss of data
C:\Users\alexa\Documents\TDA\Assignment_7_Skeleton\Assignment_7_Skeleton\handle_tunnel_loop\src\main.cpp(88,59): warning C4838: conversion from 'double' to 'GLfloat' requires a narrowing conversion
C:\Users\alexa\Documents\TDA\Assignment_7_Skeleton\Assignment_7_Skeleton\handle_tunnel_loop\src\main.cpp(88,59): warning C4244: 'initializing': conversion from 'double' to 'GLfloat', possible loss of data
C:\Users\alexa\Documents\TDA\Assignment_7_Skeleton\Assignment_7_Skeleton\handle_tunnel_loop\src\main.cpp(88,72): warning C4838: conversion from 'double' to 'GLfloat' requires a narrowing conversion
C:\Users\alexa\Documents\TDA\Assignment_7_Skeleton\Assignment_7_Skeleton\handle_tunnel_loop\src\main.cpp(88,72): warning C4244: 'initializing': conversion from 'double' to 'GLfloat', possible loss of data
C:\Users\alexa\Documents\TDA\Assignment_7_Skeleton\Assignment_7_Skeleton\handle_tunnel_loop\src\main.cpp(194,58): warning C4305: 'argument': truncation from 'double' to 'GLfloat'
C:\Users\alexa\Documents\TDA\Assignment_7_Skeleton\Assignment_7_Skeleton\handle_tunnel_loop\src\main.cpp(585,41): warning C4305: 'initializing': truncation from 'double' to 'GLfloat'
C:\Users\alexa\Documents\TDA\Assignment_7_Skeleton\Assignment_7_Skeleton\handle_tunnel_loop\src\main.cpp(593,36): warning C4305: 'argument': truncation from 'double' to 'GLclampf'
C:\Users\alexa\Documents\TDA\Assignment_7_Skeleton\Assignment_7_Skeleton\3rdparty\DartLib\core\Mesh/BaseMesh_3.h(280,25): warning C4477: 'fprintf' : format string '%s' requires an argument of type 'char *', but variadic argument 1 has type 'const std::string'
C:\Users\alexa\Documents\TDA\Assignment_7_Skeleton\Assignment_7_Skeleton\3rdparty\DartLib\core\Mesh/BaseMesh_3.h(254): message : while compiling class template member function 'void DartLib::TBaseMesh_3<V,E,F,T,Dart>::load_t(const std::string &)'
C:\Users\alexa\Documents\TDA\Assignment_7_Skeleton\Assignment_7_Skeleton\3rdparty\DartLib\core\Mesh/BaseMesh_3.h(254): message :         with
C:\Users\alexa\Documents\TDA\Assignment_7_Skeleton\Assignment_7_Skeleton\3rdparty\DartLib\core\Mesh/BaseMesh_3.h(254): message :         [
C:\Users\alexa\Documents\TDA\Assignment_7_Skeleton\Assignment_7_Skeleton\3rdparty\DartLib\core\Mesh/BaseMesh_3.h(254): message :             V=DartLib::CMyVertex,
C:\Users\alexa\Documents\TDA\Assignment_7_Skeleton\Assignment_7_Skeleton\3rdparty\DartLib\core\Mesh/BaseMesh_3.h(254): message :             E=DartLib::CMyEdge,
C:\Users\alexa\Documents\TDA\Assignment_7_Skeleton\Assignment_7_Skeleton\3rdparty\DartLib\core\Mesh/BaseMesh_3.h(254): message :             F=DartLib::CMyFace,
C:\Users\alexa\Documents\TDA\Assignment_7_Skeleton\Assignment_7_Skeleton\3rdparty\DartLib\core\Mesh/BaseMesh_3.h(254): message :             T=DartLib::CMyTet,
C:\Users\alexa\Documents\TDA\Assignment_7_Skeleton\Assignment_7_Skeleton\3rdparty\DartLib\core\Mesh/BaseMesh_3.h(254): message :             Dart=DartLib::CMyDart
C:\Users\alexa\Documents\TDA\Assignment_7_Skeleton\Assignment_7_Skeleton\3rdparty\DartLib\core\Mesh/BaseMesh_3.h(254): message :         ]
C:\Users\alexa\Documents\TDA\Assignment_7_Skeleton\Assignment_7_Skeleton\handle_tunnel_loop\src\main.cpp(723): message : see reference to function template instantiation 'void DartLib::TBaseMesh_3<V,E,F,T,Dart>::load_t(const std::string &)' being compiled
C:\Users\alexa\Documents\TDA\Assignment_7_Skeleton\Assignment_7_Skeleton\handle_tunnel_loop\src\main.cpp(723): message :         with
C:\Users\alexa\Documents\TDA\Assignment_7_Skeleton\Assignment_7_Skeleton\handle_tunnel_loop\src\main.cpp(723): message :         [
C:\Users\alexa\Documents\TDA\Assignment_7_Skeleton\Assignment_7_Skeleton\handle_tunnel_loop\src\main.cpp(723): message :             V=DartLib::CMyVertex,
C:\Users\alexa\Documents\TDA\Assignment_7_Skeleton\Assignment_7_Skeleton\handle_tunnel_loop\src\main.cpp(723): message :             E=DartLib::CMyEdge,
C:\Users\alexa\Documents\TDA\Assignment_7_Skeleton\Assignment_7_Skeleton\handle_tunnel_loop\src\main.cpp(723): message :             F=DartLib::CMyFace,
C:\Users\alexa\Documents\TDA\Assignment_7_Skeleton\Assignment_7_Skeleton\handle_tunnel_loop\src\main.cpp(723): message :             T=DartLib::CMyTet,
C:\Users\alexa\Documents\TDA\Assignment_7_Skeleton\Assignment_7_Skeleton\handle_tunnel_loop\src\main.cpp(723): message :             Dart=DartLib::CMyDart
C:\Users\alexa\Documents\TDA\Assignment_7_Skeleton\Assignment_7_Skeleton\handle_tunnel_loop\src\main.cpp(723): message :         ]
C:\Users\alexa\Documents\TDA\Assignment_7_Skeleton\Assignment_7_Skeleton\handle_tunnel_loop\include\MyTMesh.h(97): message : see reference to class template instantiation 'DartLib::TBaseMesh_3<V,E,F,T,Dart>' being compiled
C:\Users\alexa\Documents\TDA\Assignment_7_Skeleton\Assignment_7_Skeleton\handle_tunnel_loop\include\MyTMesh.h(97): message :         with
C:\Users\alexa\Documents\TDA\Assignment_7_Skeleton\Assignment_7_Skeleton\handle_tunnel_loop\include\MyTMesh.h(97): message :         [
C:\Users\alexa\Documents\TDA\Assignment_7_Skeleton\Assignment_7_Skeleton\handle_tunnel_loop\include\MyTMesh.h(97): message :             V=DartLib::CMyVertex,
C:\Users\alexa\Documents\TDA\Assignment_7_Skeleton\Assignment_7_Skeleton\handle_tunnel_loop\include\MyTMesh.h(97): message :             E=DartLib::CMyEdge,
C:\Users\alexa\Documents\TDA\Assignment_7_Skeleton\Assignment_7_Skeleton\handle_tunnel_loop\include\MyTMesh.h(97): message :             F=DartLib::CMyFace,
C:\Users\alexa\Documents\TDA\Assignment_7_Skeleton\Assignment_7_Skeleton\handle_tunnel_loop\include\MyTMesh.h(97): message :             T=DartLib::CMyTet,
C:\Users\alexa\Documents\TDA\Assignment_7_Skeleton\Assignment_7_Skeleton\handle_tunnel_loop\include\MyTMesh.h(97): message :             Dart=DartLib::CMyDart
C:\Users\alexa\Documents\TDA\Assignment_7_Skeleton\Assignment_7_Skeleton\handle_tunnel_loop\include\MyTMesh.h(97): message :         ]
C:\Users\alexa\Documents\TDA\Assignment_7_Skeleton\Assignment_7_Skeleton\handle_tunnel_loop\include\HandleTunnelLoop.h(42): message : see reference to class template instantiation 'DartLib::TMyTMesh<DartLib::CMyVertex,DartLib::CMyEdge,DartLib::CMyFace,DartLib::CMyTet,DartLib::CMyDart>' being compiled
C:\Users\alexa\Documents\TDA\Assignment_7_Skeleton\Assignment_7_Skeleton\3rdparty\DartLib\core\Mesh/BaseMesh_3.h(421,1): warning C4267: 'initializing': conversion from 'size_t' to 'int', possible loss of data
C:\Users\alexa\Documents\TDA\Assignment_7_Skeleton\Assignment_7_Skeleton\3rdparty\DartLib\core\Mesh/BaseMesh_3.h(405): message : while compiling class template member function 'void DartLib::TBaseMesh_3<V,E,F,T,Dart>::load(const std::vector<DartLib::CPoint,std::allocator<_Ty>> &,const std::vector<int,std::allocator<int>> &)'
C:\Users\alexa\Documents\TDA\Assignment_7_Skeleton\Assignment_7_Skeleton\3rdparty\DartLib\core\Mesh/BaseMesh_3.h(405): message :         with
C:\Users\alexa\Documents\TDA\Assignment_7_Skeleton\Assignment_7_Skeleton\3rdparty\DartLib\core\Mesh/BaseMesh_3.h(405): message :         [
C:\Users\alexa\Documents\TDA\Assignment_7_Skeleton\Assignment_7_Skeleton\3rdparty\DartLib\core\Mesh/BaseMesh_3.h(405): message :             V=DartLib::CMyVertex,
C:\Users\alexa\Documents\TDA\Assignment_7_Skeleton\Assignment_7_Skeleton\3rdparty\DartLib\core\Mesh/BaseMesh_3.h(405): message :             E=DartLib::CMyEdge,
C:\Users\alexa\Documents\TDA\Assignment_7_Skeleton\Assignment_7_Skeleton\3rdparty\DartLib\core\Mesh/BaseMesh_3.h(405): message :             F=DartLib::CMyFace,
C:\Users\alexa\Documents\TDA\Assignment_7_Skeleton\Assignment_7_Skeleton\3rdparty\DartLib\core\Mesh/BaseMesh_3.h(405): message :             T=DartLib::CMyTet,
C:\Users\alexa\Documents\TDA\Assignment_7_Skeleton\Assignment_7_Skeleton\3rdparty\DartLib\core\Mesh/BaseMesh_3.h(405): message :             Dart=DartLib::CMyDart,
C:\Users\alexa\Documents\TDA\Assignment_7_Skeleton\Assignment_7_Skeleton\3rdparty\DartLib\core\Mesh/BaseMesh_3.h(405): message :             _Ty=DartLib::CPoint
C:\Users\alexa\Documents\TDA\Assignment_7_Skeleton\Assignment_7_Skeleton\3rdparty\DartLib\core\Mesh/BaseMesh_3.h(405): message :         ]
C:\Users\alexa\Documents\TDA\Assignment_7_Skeleton\Assignment_7_Skeleton\3rdparty\DartLib\core\Mesh/BaseMesh_3.h(400): message : see reference to function template instantiation 'void DartLib::TBaseMesh_3<V,E,F,T,Dart>::load(const std::vector<DartLib::CPoint,std::allocator<_Ty>> &,const std::vector<int,std::allocator<int>> &)' being compiled
C:\Users\alexa\Documents\TDA\Assignment_7_Skeleton\Assignment_7_Skeleton\3rdparty\DartLib\core\Mesh/BaseMesh_3.h(400): message :         with
C:\Users\alexa\Documents\TDA\Assignment_7_Skeleton\Assignment_7_Skeleton\3rdparty\DartLib\core\Mesh/BaseMesh_3.h(400): message :         [
C:\Users\alexa\Documents\TDA\Assignment_7_Skeleton\Assignment_7_Skeleton\3rdparty\DartLib\core\Mesh/BaseMesh_3.h(400): message :             V=DartLib::CMyVertex,
C:\Users\alexa\Documents\TDA\Assignment_7_Skeleton\Assignment_7_Skeleton\3rdparty\DartLib\core\Mesh/BaseMesh_3.h(400): message :             E=DartLib::CMyEdge,
C:\Users\alexa\Documents\TDA\Assignment_7_Skeleton\Assignment_7_Skeleton\3rdparty\DartLib\core\Mesh/BaseMesh_3.h(400): message :             F=DartLib::CMyFace,
C:\Users\alexa\Documents\TDA\Assignment_7_Skeleton\Assignment_7_Skeleton\3rdparty\DartLib\core\Mesh/BaseMesh_3.h(400): message :             T=DartLib::CMyTet,
C:\Users\alexa\Documents\TDA\Assignment_7_Skeleton\Assignment_7_Skeleton\3rdparty\DartLib\core\Mesh/BaseMesh_3.h(400): message :             Dart=DartLib::CMyDart,
C:\Users\alexa\Documents\TDA\Assignment_7_Skeleton\Assignment_7_Skeleton\3rdparty\DartLib\core\Mesh/BaseMesh_3.h(400): message :             _Ty=DartLib::CPoint
C:\Users\alexa\Documents\TDA\Assignment_7_Skeleton\Assignment_7_Skeleton\3rdparty\DartLib\core\Mesh/BaseMesh_3.h(400): message :         ]
C:\Users\alexa\Documents\TDA\Assignment_7_Skeleton\Assignment_7_Skeleton\handle_tunnel_loop\include\MyTMesh.h(207): message : while compiling class template member function 'void DartLib::TMyTMesh<DartLib::CMyVertex,DartLib::CMyEdge,DartLib::CMyFace,DartLib::CMyTet,DartLib::CMyDart>::cut(const DartLib::CPlane &)'
C:\Users\alexa\Documents\TDA\Assignment_7_Skeleton\Assignment_7_Skeleton\handle_tunnel_loop\src\main.cpp(365): message : see reference to function template instantiation 'void DartLib::TMyTMesh<DartLib::CMyVertex,DartLib::CMyEdge,DartLib::CMyFace,DartLib::CMyTet,DartLib::CMyDart>::cut(const DartLib::CPlane &)' being compiled
C:\Program Files (x86)\Microsoft Visual Studio\2019\Community\VC\Tools\MSVC\14.23.28105\include\utility(165,1): warning C4267: 'initializing': conversion from 'size_t' to '_Ty2', possible loss of data
C:\Program Files (x86)\Microsoft Visual Studio\2019\Community\VC\Tools\MSVC\14.23.28105\include\utility(165,1): warning C4267:         with
C:\Program Files (x86)\Microsoft Visual Studio\2019\Community\VC\Tools\MSVC\14.23.28105\include\utility(165,1): warning C4267:         [
C:\Program Files (x86)\Microsoft Visual Studio\2019\Community\VC\Tools\MSVC\14.23.28105\include\utility(165,1): warning C4267:             _Ty2=int
C:\Program Files (x86)\Microsoft Visual Studio\2019\Community\VC\Tools\MSVC\14.23.28105\include\utility(165,1): warning C4267:         ]
C:\Program Files (x86)\Microsoft Visual Studio\2019\Community\VC\Tools\MSVC\14.23.28105\include\xmemory(758): message : see reference to function template instantiation 'std::pair<const _Kty,_Ty>::pair<const _Ty*,unsigned __int64,0>(std::pair<const _Ty *,unsigned __int64> &&) noexcept(false)' being compiled
C:\Program Files (x86)\Microsoft Visual Studio\2019\Community\VC\Tools\MSVC\14.23.28105\include\xmemory(758): message :         with
C:\Program Files (x86)\Microsoft Visual Studio\2019\Community\VC\Tools\MSVC\14.23.28105\include\xmemory(758): message :         [
C:\Program Files (x86)\Microsoft Visual Studio\2019\Community\VC\Tools\MSVC\14.23.28105\include\xmemory(758): message :             _Kty=DartLib::FaceMapKey,
C:\Program Files (x86)\Microsoft Visual Studio\2019\Community\VC\Tools\MSVC\14.23.28105\include\xmemory(758): message :             _Ty=int
C:\Program Files (x86)\Microsoft Visual Studio\2019\Community\VC\Tools\MSVC\14.23.28105\include\xmemory(758): message :         ]
C:\Program Files (x86)\Microsoft Visual Studio\2019\Community\VC\Tools\MSVC\14.23.28105\include\xmemory(758): message : see reference to function template instantiation 'std::pair<const _Kty,_Ty>::pair<const _Ty*,unsigned __int64,0>(std::pair<const _Ty *,unsigned __int64> &&) noexcept(false)' being compiled
C:\Program Files (x86)\Microsoft Visual Studio\2019\Community\VC\Tools\MSVC\14.23.28105\include\xmemory(758): message :         with
C:\Program Files (x86)\Microsoft Visual Studio\2019\Community\VC\Tools\MSVC\14.23.28105\include\xmemory(758): message :         [
C:\Program Files (x86)\Microsoft Visual Studio\2019\Community\VC\Tools\MSVC\14.23.28105\include\xmemory(758): message :             _Kty=DartLib::FaceMapKey,
C:\Program Files (x86)\Microsoft Visual Studio\2019\Community\VC\Tools\MSVC\14.23.28105\include\xmemory(758): message :             _Ty=int
C:\Program Files (x86)\Microsoft Visual Studio\2019\Community\VC\Tools\MSVC\14.23.28105\include\xmemory(758): message :         ]
C:\Program Files (x86)\Microsoft Visual Studio\2019\Community\VC\Tools\MSVC\14.23.28105\include\list(541): message : see reference to function template instantiation 'void std::_Default_allocator_traits<_Alloc>::construct<_Ty,std::pair<const int *,unsigned __int64>>(_Alloc &,_Objty *const ,std::pair<const int *,unsigned __int64> &&)' being compiled
C:\Program Files (x86)\Microsoft Visual Studio\2019\Community\VC\Tools\MSVC\14.23.28105\include\list(541): message :         with
C:\Program Files (x86)\Microsoft Visual Studio\2019\Community\VC\Tools\MSVC\14.23.28105\include\list(541): message :         [
C:\Program Files (x86)\Microsoft Visual Studio\2019\Community\VC\Tools\MSVC\14.23.28105\include\list(541): message :             _Alloc=std::allocator<std::_List_node<std::pair<const DartLib::FaceMapKey,int>,std::_Default_allocator_traits<std::allocator<std::pair<const DartLib::FaceMapKey,int>>>::void_pointer>>,
C:\Program Files (x86)\Microsoft Visual Studio\2019\Community\VC\Tools\MSVC\14.23.28105\include\list(541): message :             _Ty=std::pair<const DartLib::FaceMapKey,int>,
C:\Program Files (x86)\Microsoft Visual Studio\2019\Community\VC\Tools\MSVC\14.23.28105\include\list(541): message :             _Objty=std::pair<const DartLib::FaceMapKey,int>
C:\Program Files (x86)\Microsoft Visual Studio\2019\Community\VC\Tools\MSVC\14.23.28105\include\list(541): message :         ]
C:\Program Files (x86)\Microsoft Visual Studio\2019\Community\VC\Tools\MSVC\14.23.28105\include\list(541): message : see reference to function template instantiation 'void std::_Default_allocator_traits<_Alloc>::construct<_Ty,std::pair<const int *,unsigned __int64>>(_Alloc &,_Objty *const ,std::pair<const int *,unsigned __int64> &&)' being compiled
C:\Program Files (x86)\Microsoft Visual Studio\2019\Community\VC\Tools\MSVC\14.23.28105\include\list(541): message :         with
C:\Program Files (x86)\Microsoft Visual Studio\2019\Community\VC\Tools\MSVC\14.23.28105\include\list(541): message :         [
C:\Program Files (x86)\Microsoft Visual Studio\2019\Community\VC\Tools\MSVC\14.23.28105\include\list(541): message :             _Alloc=std::allocator<std::_List_node<std::pair<const DartLib::FaceMapKey,int>,std::_Default_allocator_traits<std::allocator<std::pair<const DartLib::FaceMapKey,int>>>::void_pointer>>,
C:\Program Files (x86)\Microsoft Visual Studio\2019\Community\VC\Tools\MSVC\14.23.28105\include\list(541): message :             _Ty=std::pair<const DartLib::FaceMapKey,int>,
C:\Program Files (x86)\Microsoft Visual Studio\2019\Community\VC\Tools\MSVC\14.23.28105\include\list(541): message :             _Objty=std::pair<const DartLib::FaceMapKey,int>
C:\Program Files (x86)\Microsoft Visual Studio\2019\Community\VC\Tools\MSVC\14.23.28105\include\list(541): message :         ]
C:\Program Files (x86)\Microsoft Visual Studio\2019\Community\VC\Tools\MSVC\14.23.28105\include\xhash(629): message : see reference to function template instantiation 'std::_List_node_emplace_op2<std::allocator<std::_List_node<_Ty,std::_Default_allocator_traits<_Alloc>::void_pointer>>>::_List_node_emplace_op2<std::pair<const int *,unsigned __int64>>(_Alnode &,std::pair<const int *,unsigned __int64> &&)' being compiled
C:\Program Files (x86)\Microsoft Visual Studio\2019\Community\VC\Tools\MSVC\14.23.28105\include\xhash(629): message :         with
C:\Program Files (x86)\Microsoft Visual Studio\2019\Community\VC\Tools\MSVC\14.23.28105\include\xhash(629): message :         [
C:\Program Files (x86)\Microsoft Visual Studio\2019\Community\VC\Tools\MSVC\14.23.28105\include\xhash(629): message :             _Ty=std::pair<const DartLib::FaceMapKey,int>,
C:\Program Files (x86)\Microsoft Visual Studio\2019\Community\VC\Tools\MSVC\14.23.28105\include\xhash(629): message :             _Alloc=std::allocator<std::pair<const DartLib::FaceMapKey,int>>,
C:\Program Files (x86)\Microsoft Visual Studio\2019\Community\VC\Tools\MSVC\14.23.28105\include\xhash(629): message :             _Alnode=std::allocator<std::_List_node<std::pair<const DartLib::FaceMapKey,int>,std::_Default_allocator_traits<std::allocator<std::pair<const DartLib::FaceMapKey,int>>>::void_pointer>>
C:\Program Files (x86)\Microsoft Visual Studio\2019\Community\VC\Tools\MSVC\14.23.28105\include\xhash(629): message :         ]
C:\Program Files (x86)\Microsoft Visual Studio\2019\Community\VC\Tools\MSVC\14.23.28105\include\xhash(629): message : see reference to function template instantiation 'std::_List_node_emplace_op2<std::allocator<std::_List_node<_Ty,std::_Default_allocator_traits<_Alloc>::void_pointer>>>::_List_node_emplace_op2<std::pair<const int *,unsigned __int64>>(_Alnode &,std::pair<const int *,unsigned __int64> &&)' being compiled
C:\Program Files (x86)\Microsoft Visual Studio\2019\Community\VC\Tools\MSVC\14.23.28105\include\xhash(629): message :         with
C:\Program Files (x86)\Microsoft Visual Studio\2019\Community\VC\Tools\MSVC\14.23.28105\include\xhash(629): message :         [
C:\Program Files (x86)\Microsoft Visual Studio\2019\Community\VC\Tools\MSVC\14.23.28105\include\xhash(629): message :             _Ty=std::pair<const DartLib::FaceMapKey,int>,
C:\Program Files (x86)\Microsoft Visual Studio\2019\Community\VC\Tools\MSVC\14.23.28105\include\xhash(629): message :             _Alloc=std::allocator<std::pair<const DartLib::FaceMapKey,int>>,
C:\Program Files (x86)\Microsoft Visual Studio\2019\Community\VC\Tools\MSVC\14.23.28105\include\xhash(629): message :             _Alnode=std::allocator<std::_List_node<std::pair<const DartLib::FaceMapKey,int>,std::_Default_allocator_traits<std::allocator<std::pair<const DartLib::FaceMapKey,int>>>::void_pointer>>
C:\Program Files (x86)\Microsoft Visual Studio\2019\Community\VC\Tools\MSVC\14.23.28105\include\xhash(629): message :         ]
C:\Program Files (x86)\Microsoft Visual Studio\2019\Community\VC\Tools\MSVC\14.23.28105\include\unordered_map(254): message : see reference to function template instantiation 'std::pair<std::_List_iterator<std::_List_val<std::_List_simple_types<_Ty>>>,bool> std::_Hash<std::_Umap_traits<_Kty,int,std::_Uhash_compare<_Kty,_Hasher,_Keyeq>,_Alloc,false>>::emplace<std::pair<const int *,unsigned __int64>>(std::pair<const int *,unsigned __int64> &&)' being compiled
C:\Program Files (x86)\Microsoft Visual Studio\2019\Community\VC\Tools\MSVC\14.23.28105\include\unordered_map(254): message :         with
C:\Program Files (x86)\Microsoft Visual Studio\2019\Community\VC\Tools\MSVC\14.23.28105\include\unordered_map(254): message :         [
C:\Program Files (x86)\Microsoft Visual Studio\2019\Community\VC\Tools\MSVC\14.23.28105\include\unordered_map(254): message :             _Ty=std::pair<const DartLib::FaceMapKey,int>,
C:\Program Files (x86)\Microsoft Visual Studio\2019\Community\VC\Tools\MSVC\14.23.28105\include\unordered_map(254): message :             _Kty=DartLib::FaceMapKey,
C:\Program Files (x86)\Microsoft Visual Studio\2019\Community\VC\Tools\MSVC\14.23.28105\include\unordered_map(254): message :             _Hasher=DartLib::FaceMapKey_hasher,
C:\Program Files (x86)\Microsoft Visual Studio\2019\Community\VC\Tools\MSVC\14.23.28105\include\unordered_map(254): message :             _Keyeq=std::equal_to<DartLib::FaceMapKey>,
C:\Program Files (x86)\Microsoft Visual Studio\2019\Community\VC\Tools\MSVC\14.23.28105\include\unordered_map(254): message :             _Alloc=std::allocator<std::pair<const DartLib::FaceMapKey,int>>
C:\Program Files (x86)\Microsoft Visual Studio\2019\Community\VC\Tools\MSVC\14.23.28105\include\unordered_map(254): message :         ]
C:\Program Files (x86)\Microsoft Visual Studio\2019\Community\VC\Tools\MSVC\14.23.28105\include\unordered_map(254): message : see reference to function template instantiation 'std::pair<std::_List_iterator<std::_List_val<std::_List_simple_types<_Ty>>>,bool> std::_Hash<std::_Umap_traits<_Kty,int,std::_Uhash_compare<_Kty,_Hasher,_Keyeq>,_Alloc,false>>::emplace<std::pair<const int *,unsigned __int64>>(std::pair<const int *,unsigned __int64> &&)' being compiled
C:\Program Files (x86)\Microsoft Visual Studio\2019\Community\VC\Tools\MSVC\14.23.28105\include\unordered_map(254): message :         with
C:\Program Files (x86)\Microsoft Visual Studio\2019\Community\VC\Tools\MSVC\14.23.28105\include\unordered_map(254): message :         [
C:\Program Files (x86)\Microsoft Visual Studio\2019\Community\VC\Tools\MSVC\14.23.28105\include\unordered_map(254): message :             _Ty=std::pair<const DartLib::FaceMapKey,int>,
C:\Program Files (x86)\Microsoft Visual Studio\2019\Community\VC\Tools\MSVC\14.23.28105\include\unordered_map(254): message :             _Kty=DartLib::FaceMapKey,
C:\Program Files (x86)\Microsoft Visual Studio\2019\Community\VC\Tools\MSVC\14.23.28105\include\unordered_map(254): message :             _Hasher=DartLib::FaceMapKey_hasher,
C:\Program Files (x86)\Microsoft Visual Studio\2019\Community\VC\Tools\MSVC\14.23.28105\include\unordered_map(254): message :             _Keyeq=std::equal_to<DartLib::FaceMapKey>,
C:\Program Files (x86)\Microsoft Visual Studio\2019\Community\VC\Tools\MSVC\14.23.28105\include\unordered_map(254): message :             _Alloc=std::allocator<std::pair<const DartLib::FaceMapKey,int>>
C:\Program Files (x86)\Microsoft Visual Studio\2019\Community\VC\Tools\MSVC\14.23.28105\include\unordered_map(254): message :         ]
C:\Users\alexa\Documents\TDA\Assignment_7_Skeleton\Assignment_7_Skeleton\3rdparty\DartLib\core\Mesh/BaseMesh_3.h(488): message : see reference to function template instantiation 'std::pair<std::_List_iterator<std::_List_val<std::_List_simple_types<_Ty>>>,bool> std::unordered_map<DartLib::FaceMapKey,int,DartLib::FaceMapKey_hasher,std::equal_to<_Kty>,std::allocator<_Ty>>::insert<std::pair<const int *,unsigned __int64>,void>(_Valty &&)' being compiled
C:\Users\alexa\Documents\TDA\Assignment_7_Skeleton\Assignment_7_Skeleton\3rdparty\DartLib\core\Mesh/BaseMesh_3.h(488): message :         with
C:\Users\alexa\Documents\TDA\Assignment_7_Skeleton\Assignment_7_Skeleton\3rdparty\DartLib\core\Mesh/BaseMesh_3.h(488): message :         [
C:\Users\alexa\Documents\TDA\Assignment_7_Skeleton\Assignment_7_Skeleton\3rdparty\DartLib\core\Mesh/BaseMesh_3.h(488): message :             _Ty=std::pair<const DartLib::FaceMapKey,int>,
C:\Users\alexa\Documents\TDA\Assignment_7_Skeleton\Assignment_7_Skeleton\3rdparty\DartLib\core\Mesh/BaseMesh_3.h(488): message :             _Kty=DartLib::FaceMapKey,
C:\Users\alexa\Documents\TDA\Assignment_7_Skeleton\Assignment_7_Skeleton\3rdparty\DartLib\core\Mesh/BaseMesh_3.h(488): message :             _Valty=std::pair<const int *,unsigned __int64>
C:\Users\alexa\Documents\TDA\Assignment_7_Skeleton\Assignment_7_Skeleton\3rdparty\DartLib\core\Mesh/BaseMesh_3.h(488): message :         ]
C:\Users\alexa\Documents\TDA\Assignment_7_Skeleton\Assignment_7_Skeleton\3rdparty\DartLib\core\Mesh/BaseMesh_3.h(488): message : see reference to function template instantiation 'std::pair<std::_List_iterator<std::_List_val<std::_List_simple_types<_Ty>>>,bool> std::unordered_map<DartLib::FaceMapKey,int,DartLib::FaceMapKey_hasher,std::equal_to<_Kty>,std::allocator<_Ty>>::insert<std::pair<const int *,unsigned __int64>,void>(_Valty &&)' being compiled
C:\Users\alexa\Documents\TDA\Assignment_7_Skeleton\Assignment_7_Skeleton\3rdparty\DartLib\core\Mesh/BaseMesh_3.h(488): message :         with
C:\Users\alexa\Documents\TDA\Assignment_7_Skeleton\Assignment_7_Skeleton\3rdparty\DartLib\core\Mesh/BaseMesh_3.h(488): message :         [
C:\Users\alexa\Documents\TDA\Assignment_7_Skeleton\Assignment_7_Skeleton\3rdparty\DartLib\core\Mesh/BaseMesh_3.h(488): message :             _Ty=std::pair<const DartLib::FaceMapKey,int>,
C:\Users\alexa\Documents\TDA\Assignment_7_Skeleton\Assignment_7_Skeleton\3rdparty\DartLib\core\Mesh/BaseMesh_3.h(488): message :             _Kty=DartLib::FaceMapKey,
C:\Users\alexa\Documents\TDA\Assignment_7_Skeleton\Assignment_7_Skeleton\3rdparty\DartLib\core\Mesh/BaseMesh_3.h(488): message :             _Valty=std::pair<const int *,unsigned __int64>
C:\Users\alexa\Documents\TDA\Assignment_7_Skeleton\Assignment_7_Skeleton\3rdparty\DartLib\core\Mesh/BaseMesh_3.h(488): message :         ]
C:\Users\alexa\Documents\TDA\Assignment_7_Skeleton\Assignment_7_Skeleton\3rdparty\DartLib\core\Mesh/BaseMesh_3.h(477): message : while compiling class template member function 'CDart *DartLib::TBaseMesh_3<V,E,F,T,CDart>::add_face(CVolume *,const std::vector<int,std::allocator<_Ty>> &)'
C:\Users\alexa\Documents\TDA\Assignment_7_Skeleton\Assignment_7_Skeleton\3rdparty\DartLib\core\Mesh/BaseMesh_3.h(477): message :         with
C:\Users\alexa\Documents\TDA\Assignment_7_Skeleton\Assignment_7_Skeleton\3rdparty\DartLib\core\Mesh/BaseMesh_3.h(477): message :         [
C:\Users\alexa\Documents\TDA\Assignment_7_Skeleton\Assignment_7_Skeleton\3rdparty\DartLib\core\Mesh/BaseMesh_3.h(477): message :             CDart=DartLib::CMyDart,
C:\Users\alexa\Documents\TDA\Assignment_7_Skeleton\Assignment_7_Skeleton\3rdparty\DartLib\core\Mesh/BaseMesh_3.h(477): message :             V=DartLib::CMyVertex,
C:\Users\alexa\Documents\TDA\Assignment_7_Skeleton\Assignment_7_Skeleton\3rdparty\DartLib\core\Mesh/BaseMesh_3.h(477): message :             E=DartLib::CMyEdge,
C:\Users\alexa\Documents\TDA\Assignment_7_Skeleton\Assignment_7_Skeleton\3rdparty\DartLib\core\Mesh/BaseMesh_3.h(477): message :             F=DartLib::CMyFace,
C:\Users\alexa\Documents\TDA\Assignment_7_Skeleton\Assignment_7_Skeleton\3rdparty\DartLib\core\Mesh/BaseMesh_3.h(477): message :             T=DartLib::CMyTet,
C:\Users\alexa\Documents\TDA\Assignment_7_Skeleton\Assignment_7_Skeleton\3rdparty\DartLib\core\Mesh/BaseMesh_3.h(477): message :             CVolume=DartLib::CMyTet,
C:\Users\alexa\Documents\TDA\Assignment_7_Skeleton\Assignment_7_Skeleton\3rdparty\DartLib\core\Mesh/BaseMesh_3.h(477): message :             _Ty=int
C:\Users\alexa\Documents\TDA\Assignment_7_Skeleton\Assignment_7_Skeleton\3rdparty\DartLib\core\Mesh/BaseMesh_3.h(477): message :         ]
C:\Users\alexa\Documents\TDA\Assignment_7_Skeleton\Assignment_7_Skeleton\3rdparty\DartLib\core\Mesh/BaseMesh_3.h(459): message : see reference to function template instantiation 'CDart *DartLib::TBaseMesh_3<V,E,F,T,CDart>::add_face(CVolume *,const std::vector<int,std::allocator<_Ty>> &)' being compiled
C:\Users\alexa\Documents\TDA\Assignment_7_Skeleton\Assignment_7_Skeleton\3rdparty\DartLib\core\Mesh/BaseMesh_3.h(459): message :         with
C:\Users\alexa\Documents\TDA\Assignment_7_Skeleton\Assignment_7_Skeleton\3rdparty\DartLib\core\Mesh/BaseMesh_3.h(459): message :         [
C:\Users\alexa\Documents\TDA\Assignment_7_Skeleton\Assignment_7_Skeleton\3rdparty\DartLib\core\Mesh/BaseMesh_3.h(459): message :             CDart=DartLib::CMyDart,
C:\Users\alexa\Documents\TDA\Assignment_7_Skeleton\Assignment_7_Skeleton\3rdparty\DartLib\core\Mesh/BaseMesh_3.h(459): message :             V=DartLib::CMyVertex,
C:\Users\alexa\Documents\TDA\Assignment_7_Skeleton\Assignment_7_Skeleton\3rdparty\DartLib\core\Mesh/BaseMesh_3.h(459): message :             E=DartLib::CMyEdge,
C:\Users\alexa\Documents\TDA\Assignment_7_Skeleton\Assignment_7_Skeleton\3rdparty\DartLib\core\Mesh/BaseMesh_3.h(459): message :             F=DartLib::CMyFace,
C:\Users\alexa\Documents\TDA\Assignment_7_Skeleton\Assignment_7_Skeleton\3rdparty\DartLib\core\Mesh/BaseMesh_3.h(459): message :             T=DartLib::CMyTet,
C:\Users\alexa\Documents\TDA\Assignment_7_Skeleton\Assignment_7_Skeleton\3rdparty\DartLib\core\Mesh/BaseMesh_3.h(459): message :             CVolume=DartLib::CMyTet,
C:\Users\alexa\Documents\TDA\Assignment_7_Skeleton\Assignment_7_Skeleton\3rdparty\DartLib\core\Mesh/BaseMesh_3.h(459): message :             _Ty=int
C:\Users\alexa\Documents\TDA\Assignment_7_Skeleton\Assignment_7_Skeleton\3rdparty\DartLib\core\Mesh/BaseMesh_3.h(459): message :         ]
C:\Users\alexa\Documents\TDA\Assignment_7_Skeleton\Assignment_7_Skeleton\3rdparty\DartLib\core\Mesh/BaseMesh_3.h(437): message : while compiling class template member function 'CVertex *DartLib::TBaseMesh_3<CVertex,E,F,T,Dart>::add_vertex(void)'
C:\Users\alexa\Documents\TDA\Assignment_7_Skeleton\Assignment_7_Skeleton\3rdparty\DartLib\core\Mesh/BaseMesh_3.h(437): message :         with
C:\Users\alexa\Documents\TDA\Assignment_7_Skeleton\Assignment_7_Skeleton\3rdparty\DartLib\core\Mesh/BaseMesh_3.h(437): message :         [
C:\Users\alexa\Documents\TDA\Assignment_7_Skeleton\Assignment_7_Skeleton\3rdparty\DartLib\core\Mesh/BaseMesh_3.h(437): message :             CVertex=DartLib::CMyVertex,
C:\Users\alexa\Documents\TDA\Assignment_7_Skeleton\Assignment_7_Skeleton\3rdparty\DartLib\core\Mesh/BaseMesh_3.h(437): message :             E=DartLib::CMyEdge,
C:\Users\alexa\Documents\TDA\Assignment_7_Skeleton\Assignment_7_Skeleton\3rdparty\DartLib\core\Mesh/BaseMesh_3.h(437): message :             F=DartLib::CMyFace,
C:\Users\alexa\Documents\TDA\Assignment_7_Skeleton\Assignment_7_Skeleton\3rdparty\DartLib\core\Mesh/BaseMesh_3.h(437): message :             T=DartLib::CMyTet,
C:\Users\alexa\Documents\TDA\Assignment_7_Skeleton\Assignment_7_Skeleton\3rdparty\DartLib\core\Mesh/BaseMesh_3.h(437): message :             Dart=DartLib::CMyDart
C:\Users\alexa\Documents\TDA\Assignment_7_Skeleton\Assignment_7_Skeleton\3rdparty\DartLib\core\Mesh/BaseMesh_3.h(437): message :         ]
C:\Users\alexa\Documents\TDA\Assignment_7_Skeleton\Assignment_7_Skeleton\3rdparty\DartLib\core\Mesh/BaseMesh_3.h(413): message : see reference to function template instantiation 'CVertex *DartLib::TBaseMesh_3<CVertex,E,F,T,Dart>::add_vertex(void)' being compiled
C:\Users\alexa\Documents\TDA\Assignment_7_Skeleton\Assignment_7_Skeleton\3rdparty\DartLib\core\Mesh/BaseMesh_3.h(413): message :         with
C:\Users\alexa\Documents\TDA\Assignment_7_Skeleton\Assignment_7_Skeleton\3rdparty\DartLib\core\Mesh/BaseMesh_3.h(413): message :         [
C:\Users\alexa\Documents\TDA\Assignment_7_Skeleton\Assignment_7_Skeleton\3rdparty\DartLib\core\Mesh/BaseMesh_3.h(413): message :             CVertex=DartLib::CMyVertex,
C:\Users\alexa\Documents\TDA\Assignment_7_Skeleton\Assignment_7_Skeleton\3rdparty\DartLib\core\Mesh/BaseMesh_3.h(413): message :             E=DartLib::CMyEdge,
C:\Users\alexa\Documents\TDA\Assignment_7_Skeleton\Assignment_7_Skeleton\3rdparty\DartLib\core\Mesh/BaseMesh_3.h(413): message :             F=DartLib::CMyFace,
C:\Users\alexa\Documents\TDA\Assignment_7_Skeleton\Assignment_7_Skeleton\3rdparty\DartLib\core\Mesh/BaseMesh_3.h(413): message :             T=DartLib::CMyTet,
C:\Users\alexa\Documents\TDA\Assignment_7_Skeleton\Assignment_7_Skeleton\3rdparty\DartLib\core\Mesh/BaseMesh_3.h(413): message :             Dart=DartLib::CMyDart
C:\Users\alexa\Documents\TDA\Assignment_7_Skeleton\Assignment_7_Skeleton\3rdparty\DartLib\core\Mesh/BaseMesh_3.h(413): message :         ]
C:\Users\alexa\Documents\TDA\Assignment_7_Skeleton\Assignment_7_Skeleton\3rdparty\DartLib\core\Mesh/BaseMesh_3.h(405): message : while compiling class template member function 'void DartLib::TBaseMesh_3<V,E,F,T,Dart>::load(const std::vector<DartLib::CPoint,std::allocator<_Ty>> &,const std::vector<int,std::allocator<int>> &)'
C:\Users\alexa\Documents\TDA\Assignment_7_Skeleton\Assignment_7_Skeleton\3rdparty\DartLib\core\Mesh/BaseMesh_3.h(405): message :         with
C:\Users\alexa\Documents\TDA\Assignment_7_Skeleton\Assignment_7_Skeleton\3rdparty\DartLib\core\Mesh/BaseMesh_3.h(405): message :         [
C:\Users\alexa\Documents\TDA\Assignment_7_Skeleton\Assignment_7_Skeleton\3rdparty\DartLib\core\Mesh/BaseMesh_3.h(405): message :             V=DartLib::CMyVertex,
C:\Users\alexa\Documents\TDA\Assignment_7_Skeleton\Assignment_7_Skeleton\3rdparty\DartLib\core\Mesh/BaseMesh_3.h(405): message :             E=DartLib::CMyEdge,
C:\Users\alexa\Documents\TDA\Assignment_7_Skeleton\Assignment_7_Skeleton\3rdparty\DartLib\core\Mesh/BaseMesh_3.h(405): message :             F=DartLib::CMyFace,
C:\Users\alexa\Documents\TDA\Assignment_7_Skeleton\Assignment_7_Skeleton\3rdparty\DartLib\core\Mesh/BaseMesh_3.h(405): message :             T=DartLib::CMyTet,
C:\Users\alexa\Documents\TDA\Assignment_7_Skeleton\Assignment_7_Skeleton\3rdparty\DartLib\core\Mesh/BaseMesh_3.h(405): message :             Dart=DartLib::CMyDart,
C:\Users\alexa\Documents\TDA\Assignment_7_Skeleton\Assignment_7_Skeleton\3rdparty\DartLib\core\Mesh/BaseMesh_3.h(405): message :             _Ty=DartLib::CPoint
C:\Users\alexa\Documents\TDA\Assignment_7_Skeleton\Assignment_7_Skeleton\3rdparty\DartLib\core\Mesh/BaseMesh_3.h(405): message :         ]
  Generating Code...
C:\Users\alexa\Documents\TDA\Assignment_7_Skeleton\Assignment_7_Skeleton\3rdparty\DartLib\core\Mesh/BaseMesh_3.h(400): message : see reference to function template instantiation 'void DartLib::TBaseMesh_3<V,E,F,T,Dart>::load(const std::vector<DartLib::CPoint,std::allocator<_Ty>> &,const std::vector<int,std::allocator<int>> &)' being compiled
C:\Users\alexa\Documents\TDA\Assignment_7_Skeleton\Assignment_7_Skeleton\3rdparty\DartLib\core\Mesh/BaseMesh_3.h(400): message :         with
C:\Users\alexa\Documents\TDA\Assignment_7_Skeleton\Assignment_7_Skeleton\3rdparty\DartLib\core\Mesh/BaseMesh_3.h(400): message :         [
C:\Users\alexa\Documents\TDA\Assignment_7_Skeleton\Assignment_7_Skeleton\3rdparty\DartLib\core\Mesh/BaseMesh_3.h(400): message :             V=DartLib::CMyVertex,
C:\Users\alexa\Documents\TDA\Assignment_7_Skeleton\Assignment_7_Skeleton\3rdparty\DartLib\core\Mesh/BaseMesh_3.h(400): message :             E=DartLib::CMyEdge,
C:\Users\alexa\Documents\TDA\Assignment_7_Skeleton\Assignment_7_Skeleton\3rdparty\DartLib\core\Mesh/BaseMesh_3.h(400): message :             F=DartLib::CMyFace,
C:\Users\alexa\Documents\TDA\Assignment_7_Skeleton\Assignment_7_Skeleton\3rdparty\DartLib\core\Mesh/BaseMesh_3.h(400): message :             T=DartLib::CMyTet,
C:\Users\alexa\Documents\TDA\Assignment_7_Skeleton\Assignment_7_Skeleton\3rdparty\DartLib\core\Mesh/BaseMesh_3.h(400): message :             Dart=DartLib::CMyDart,
C:\Users\alexa\Documents\TDA\Assignment_7_Skeleton\Assignment_7_Skeleton\3rdparty\DartLib\core\Mesh/BaseMesh_3.h(400): message :             _Ty=DartLib::CPoint
C:\Users\alexa\Documents\TDA\Assignment_7_Skeleton\Assignment_7_Skeleton\3rdparty\DartLib\core\Mesh/BaseMesh_3.h(400): message :         ]
C:\Users\alexa\Documents\TDA\Assignment_7_Skeleton\Assignment_7_Skeleton\3rdparty\DartLib\core\Mesh\BaseMesh_3.h(629): warning C4715: 'DartLib::TBaseMesh_3<DartLib::CMyVertex,DartLib::CMyEdge,DartLib::CMyFace,DartLib::CMyTet,DartLib::CMyDart>::edge_vertex': not all control paths return a value
C:\Users\alexa\Documents\TDA\Assignment_7_Skeleton\Assignment_7_Skeleton\3rdparty\DartLib\core\Mesh\BaseMesh_3.h(629): warning C4715: 'DartLib::TBaseMesh_3<DartLib::CMyVertex,DartLib::CMyEdge,DartLib::CMyFace,DartLib::CMyTet,DartLib::CMyDart>::edge_vertex': not all control paths return a value
  HandleTunnelLoop.vcxproj -> C:\Users\alexa\Documents\TDA\Assignment_7_Skeleton\Assignment_7_Skeleton\build\handle_tunnel_loop\Release\HandleTunnelLoop.exe
